#
# There is insufficient memory for the Java Runtime Environment to continue.
# Native memory allocation (malloc) failed to allocate 1629424 bytes. Error detail: Chunk::new
# Possible reasons:
#   The system is out of physical RAM or swap space
#   This process is running with CompressedOops enabled, and the Java Heap may be blocking the growth of the native heap
# Possible solutions:
#   Reduce memory load on the system
#   Increase physical memory or swap space
#   Check if swap backing store is full
#   Decrease Java heap size (-Xmx/-Xms)
#   Decrease number of Java threads
#   Decrease Java thread stack sizes (-Xss)
#   Set larger code cache with -XX:ReservedCodeCacheSize=
#   JVM is running with Unscaled Compressed Oops mode in which the Java heap is
#     placed in the first 4GB address space. The Java Heap base address is the
#     maximum limit for the native heap growth. Please use -XX:HeapBaseMinAddress
#     to set the Java Heap base and to place the Java Heap above 4GB virtual address.
# This output file may be truncated or incomplete.
#
#  Out of Memory Error (arena.cpp:150), pid=6048, tid=5076
#
# JRE version: OpenJDK Runtime Environment (22.0.2+9) (build 22.0.2+9-70)
# Java VM: OpenJDK 64-Bit Server VM (22.0.2+9-70, mixed mode, sharing, tiered, compressed oops, compressed class ptrs, g1 gc, windows-amd64)
# No core dump will be written. Minidumps are not enabled by default on client versions of Windows
#

---------------  S U M M A R Y ------------

Command Line: -javaagent:C:\Program Files\JetBrains\IntelliJ IDEA Community Edition 2024.1.4\lib\idea_rt.jar=1509:C:\Program Files\JetBrains\IntelliJ IDEA Community Edition 2024.1.4\bin -Dfile.encoding=UTF-8 -Dsun.stdout.encoding=UTF-8 -Dsun.stderr.encoding=UTF-8 com.project.futabuslines.FutabuslinesApplication

Host: AMD Ryzen 7 6800H with Radeon Graphics         , 16 cores, 7G,  Windows 11 , 64 bit Build 26100 (10.0.26100.4768)
Time: Fri Sep 12 23:14:47 2025 SE Asia Standard Time elapsed time: 14.356000 seconds (0d 0h 0m 14s)

---------------  T H R E A D  ---------------

Current thread (0x0000013f00289940):  JavaThread "C2 CompilerThread1" daemon [_thread_in_native, id=5076, stack(0x0000002678700000,0x0000002678800000) (1024K)]


Current CompileTask:
C2:14356 6012   !   4       org.springframework.util.ReflectionUtils::doWithMethods (189 bytes)

Stack: [0x0000002678700000,0x0000002678800000]
Native frames: (J=compiled Java code, j=interpreted, Vv=VM code, C=native code)
V  [jvm.dll+0x6e26e9]  (no source info available)
V  [jvm.dll+0x875753]  (no source info available)
V  [jvm.dll+0x877b7e]  (no source info available)
V  [jvm.dll+0x878253]  (no source info available)
V  [jvm.dll+0x27fc86]  (no source info available)
V  [jvm.dll+0xc3d0f]  (no source info available)
V  [jvm.dll+0xc3f6b]  (no source info available)
V  [jvm.dll+0x3bb47c]  (no source info available)
V  [jvm.dll+0x387d4b]  (no source info available)
V  [jvm.dll+0x3871ba]  (no source info available)
V  [jvm.dll+0x2477f8]  (no source info available)
V  [jvm.dll+0x246e9f]  (no source info available)
V  [jvm.dll+0x1c4e80]  (no source info available)
V  [jvm.dll+0x2568f3]  (no source info available)
V  [jvm.dll+0x254baa]  (no source info available)
V  [jvm.dll+0x3f57a6]  (no source info available)
V  [jvm.dll+0x81dc0b]  (no source info available)
V  [jvm.dll+0x6e0d85]  (no source info available)
C  [ucrtbase.dll+0x37b0]  (no source info available)
C  [KERNEL32.DLL+0x2e8d7]  (no source info available)
C  [ntdll.dll+0x3c34c]  (no source info available)


---------------  P R O C E S S  ---------------

Threads class SMR info:
_java_thread_list=0x0000013f01b09bc0, length=20, elements={
0x0000013f1c7ec7e0, 0x0000013f3975d660, 0x0000013f3975ede0, 0x0000013f39766250,
0x0000013f39769af0, 0x0000013f39769460, 0x0000013f39768740, 0x0000013f398c0c00,
0x0000013f39780c10, 0x0000013f3976a180, 0x0000013f39766d00, 0x0000013f39767a20,
0x0000013f00289940, 0x0000013f39768dd0, 0x0000013f39767390, 0x0000013f01b135d0,
0x0000013f01b14980, 0x0000013f01b15010, 0x0000013f01b156a0, 0x0000013f00ad82f0
}

Java Threads: ( => current thread )
  0x0000013f1c7ec7e0 JavaThread "main"                              [_thread_in_vm, id=25900, stack(0x0000002677100000,0x0000002677200000) (1024K)]
  0x0000013f3975d660 JavaThread "Reference Handler"          daemon [_thread_blocked, id=29636, stack(0x0000002677900000,0x0000002677a00000) (1024K)]
  0x0000013f3975ede0 JavaThread "Finalizer"                  daemon [_thread_blocked, id=22140, stack(0x0000002677a00000,0x0000002677b00000) (1024K)]
  0x0000013f39766250 JavaThread "Signal Dispatcher"          daemon [_thread_blocked, id=20588, stack(0x0000002677b00000,0x0000002677c00000) (1024K)]
  0x0000013f39769af0 JavaThread "Attach Listener"            daemon [_thread_blocked, id=21360, stack(0x0000002677c00000,0x0000002677d00000) (1024K)]
  0x0000013f39769460 JavaThread "Service Thread"             daemon [_thread_blocked, id=13972, stack(0x0000002677d00000,0x0000002677e00000) (1024K)]
  0x0000013f39768740 JavaThread "Monitor Deflation Thread"   daemon [_thread_blocked, id=6464, stack(0x0000002677e00000,0x0000002677f00000) (1024K)]
  0x0000013f398c0c00 JavaThread "C2 CompilerThread0"         daemon [_thread_in_native, id=26080, stack(0x0000002677f00000,0x0000002678000000) (1024K)]
  0x0000013f39780c10 JavaThread "C1 CompilerThread0"         daemon [_thread_blocked, id=15928, stack(0x0000002678000000,0x0000002678100000) (1024K)]
  0x0000013f3976a180 JavaThread "Common-Cleaner"             daemon [_thread_blocked, id=4412, stack(0x0000002678100000,0x0000002678200000) (1024K)]
  0x0000013f39766d00 JavaThread "Monitor Ctrl-Break"         daemon [_thread_in_native, id=16280, stack(0x0000002678500000,0x0000002678600000) (1024K)]
  0x0000013f39767a20 JavaThread "Notification Thread"        daemon [_thread_blocked, id=19428, stack(0x0000002678600000,0x0000002678700000) (1024K)]
=>0x0000013f00289940 JavaThread "C2 CompilerThread1"         daemon [_thread_in_native, id=5076, stack(0x0000002678700000,0x0000002678800000) (1024K)]
  0x0000013f39768dd0 JavaThread "Catalina-utility-1"                [_thread_blocked, id=5060, stack(0x0000002678d00000,0x0000002678e00000) (1024K)]
  0x0000013f39767390 JavaThread "Catalina-utility-2"                [_thread_blocked, id=15384, stack(0x0000002679800000,0x0000002679900000) (1024K)]
  0x0000013f01b135d0 JavaThread "container-0"                       [_thread_blocked, id=10884, stack(0x0000002679900000,0x0000002679a00000) (1024K)]
  0x0000013f01b14980 JavaThread "mysql-cj-abandoned-connection-cleanup" daemon [_thread_blocked, id=7468, stack(0x0000002679a00000,0x0000002679b00000) (1024K)]
  0x0000013f01b15010 JavaThread "HikariPool-1 housekeeper"   daemon [_thread_blocked, id=11212, stack(0x0000002679b00000,0x0000002679c00000) (1024K)]
  0x0000013f01b156a0 JavaThread "HikariPool-1 connection adder" daemon [_thread_blocked, id=24368, stack(0x0000002679c00000,0x0000002679d00000) (1024K)]
  0x0000013f00ad82f0 JavaThread "C1 CompilerThread1"         daemon [_thread_blocked, id=33020, stack(0x0000002678200000,0x0000002678300000) (1024K)]
Total: 20

Other Threads:
  0x0000013f3973de90 VMThread "VM Thread"                           [id=20824, stack(0x0000002677800000,0x0000002677900000) (1024K)]
  0x0000013f39725790 WatcherThread "VM Periodic Task Thread"        [id=34332, stack(0x0000002677700000,0x0000002677800000) (1024K)]
  0x0000013f1c840b40 WorkerThread "GC Thread#0"                     [id=12484, stack(0x0000002677200000,0x0000002677300000) (1024K)]
  0x0000013f001466d0 WorkerThread "GC Thread#1"                     [id=28392, stack(0x0000002678800000,0x0000002678900000) (1024K)]
  0x0000013f00186670 WorkerThread "GC Thread#2"                     [id=6316, stack(0x0000002678900000,0x0000002678a00000) (1024K)]
  0x0000013f00186a20 WorkerThread "GC Thread#3"                     [id=27016, stack(0x0000002678a00000,0x0000002678b00000) (1024K)]
  0x0000013f001875e0 WorkerThread "GC Thread#4"                     [id=33952, stack(0x0000002678b00000,0x0000002678c00000) (1024K)]
  0x0000013f00187990 WorkerThread "GC Thread#5"                     [id=12836, stack(0x0000002678c00000,0x0000002678d00000) (1024K)]
  0x0000013f008119f0 WorkerThread "GC Thread#6"                     [id=31232, stack(0x0000002678f00000,0x0000002679000000) (1024K)]
  0x0000013f00810dd0 WorkerThread "GC Thread#7"                     [id=31944, stack(0x0000002679000000,0x0000002679100000) (1024K)]
  0x0000013f008cf200 WorkerThread "GC Thread#8"                     [id=12088, stack(0x0000002679100000,0x0000002679200000) (1024K)]
  0x0000013f005dc600 WorkerThread "GC Thread#9"                     [id=34228, stack(0x0000002679200000,0x0000002679300000) (1024K)]
  0x0000013f005dafe0 WorkerThread "GC Thread#10"                    [id=11912, stack(0x0000002679300000,0x0000002679400000) (1024K)]
  0x0000013f005dbaf0 WorkerThread "GC Thread#11"                    [id=29568, stack(0x0000002679400000,0x0000002679500000) (1024K)]
  0x0000013f005dac30 WorkerThread "GC Thread#12"                    [id=11692, stack(0x0000002679500000,0x0000002679600000) (1024K)]
  0x0000013f1c850170 ConcurrentGCThread "G1 Main Marker"            [id=29664, stack(0x0000002677300000,0x0000002677400000) (1024K)]
  0x0000013f1c851ba0 WorkerThread "G1 Conc#0"                       [id=33940, stack(0x0000002677400000,0x0000002677500000) (1024K)]
  0x0000013f005db740 WorkerThread "G1 Conc#1"                       [id=2728, stack(0x0000002679600000,0x0000002679700000) (1024K)]
  0x0000013f005dbea0 WorkerThread "G1 Conc#2"                       [id=26332, stack(0x0000002679700000,0x0000002679800000) (1024K)]
  0x0000013f395f7840 ConcurrentGCThread "G1 Refine#0"               [id=31056, stack(0x0000002677500000,0x0000002677600000) (1024K)]
  0x0000013f395fa090 ConcurrentGCThread "G1 Service"                [id=9052, stack(0x0000002677600000,0x0000002677700000) (1024K)]
Total: 21

Threads with active compile tasks:
C2 CompilerThread0  14460 6123       4       java.lang.Class::getMethodsRecursive (104 bytes)
C2 CompilerThread1  14460 6012   !   4       org.springframework.util.ReflectionUtils::doWithMethods (189 bytes)
Total: 2

VM state: not at safepoint (normal execution)

VM Mutex/Monitor currently owned by a thread: None

Heap address: 0x000000008ce00000, size: 1842 MB, Compressed Oops mode: 32-bit

CDS archive(s) mapped at: [0x0000013f3a000000-0x0000013f3ac60000-0x0000013f3ac60000), size 12976128, SharedBaseAddress: 0x0000013f3a000000, ArchiveRelocationMode: 1.
Compressed class space mapped at: 0x0000013f3b000000-0x0000013f7b000000, reserved size: 1073741824
Narrow klass base: 0x0000013f3a000000, Narrow klass shift: 0, Narrow klass range: 0x41000000

GC Precious Log:
 CardTable entry size: 512
 Card Set container configuration: InlinePtr #cards 5 size 8 Array Of Cards #cards 12 size 40 Howl #buckets 4 coarsen threshold 1843 Howl Bitmap #cards 512 size 80 coarsen threshold 460 Card regions per heap region 1 cards per card region 2048
 CPUs: 16 total, 16 available
 Memory: 7365M
 Large Page Support: Disabled
 NUMA Support: Disabled
 Compressed Oops: Enabled (32-bit)
 Heap Region Size: 1M
 Heap Min Capacity: 8M
 Heap Initial Capacity: 116M
 Heap Max Capacity: 1842M
 Pre-touch: Disabled
 Parallel Workers: 13
 Concurrent Workers: 3
 Concurrent Refinement Workers: 13
 Periodic GC: Disabled

Heap:
 garbage-first heap   total reserved 1886208K, committed 60416K, used 50048K [0x000000008ce00000, 0x0000000100000000)
  region size 1024K, 24 young (24576K), 2 survivors (2048K)
 Metaspace       used 63422K, committed 64000K, reserved 1114112K
  class space    used 8819K, committed 9088K, reserved 1048576K

Heap Regions: E=young(eden), S=young(survivor), O=old, HS=humongous(starts), HC=humongous(continues), CS=collection set, F=free, TAMS=top-at-mark-start, PB=parsable bottom
|   0|0x000000008ce00000, 0x000000008cf00000, 0x000000008cf00000|100%|HS|  |TAMS 0x000000008ce00000| PB 0x000000008ce00000| Complete |  0
|   1|0x000000008cf00000, 0x000000008d000000, 0x000000008d000000|100%|HS|  |TAMS 0x000000008cf00000| PB 0x000000008cf00000| Complete |  0
|   2|0x000000008d000000, 0x000000008d100000, 0x000000008d100000|100%|HS|  |TAMS 0x000000008d000000| PB 0x000000008d000000| Complete |  0
|   3|0x000000008d100000, 0x000000008d200000, 0x000000008d200000|100%| O|  |TAMS 0x000000008d100000| PB 0x000000008d100000| Untracked |  0
|   4|0x000000008d200000, 0x000000008d300000, 0x000000008d300000|100%| O|  |TAMS 0x000000008d200000| PB 0x000000008d200000| Untracked |  0
|   5|0x000000008d300000, 0x000000008d400000, 0x000000008d400000|100%| O|  |TAMS 0x000000008d300000| PB 0x000000008d300000| Untracked |  0
|   6|0x000000008d400000, 0x000000008d500000, 0x000000008d500000|100%| O|  |TAMS 0x000000008d400000| PB 0x000000008d400000| Untracked |  0
|   7|0x000000008d500000, 0x000000008d600000, 0x000000008d600000|100%| O|  |TAMS 0x000000008d500000| PB 0x000000008d500000| Untracked |  0
|   8|0x000000008d600000, 0x000000008d700000, 0x000000008d700000|100%| O|  |TAMS 0x000000008d600000| PB 0x000000008d600000| Untracked |  0
|   9|0x000000008d700000, 0x000000008d800000, 0x000000008d800000|100%| O|  |TAMS 0x000000008d700000| PB 0x000000008d700000| Untracked |  0
|  10|0x000000008d800000, 0x000000008d900000, 0x000000008d900000|100%| O|  |TAMS 0x000000008d800000| PB 0x000000008d800000| Untracked |  0
|  11|0x000000008d900000, 0x000000008da00000, 0x000000008da00000|100%| O|  |TAMS 0x000000008d900000| PB 0x000000008d900000| Untracked |  0
|  12|0x000000008da00000, 0x000000008db00000, 0x000000008db00000|100%| O|  |TAMS 0x000000008da00000| PB 0x000000008da00000| Untracked |  0
|  13|0x000000008db00000, 0x000000008dc00000, 0x000000008dc00000|100%| O|  |TAMS 0x000000008db00000| PB 0x000000008db00000| Untracked |  0
|  14|0x000000008dc00000, 0x000000008dd00000, 0x000000008dd00000|100%| O|  |TAMS 0x000000008dc00000| PB 0x000000008dc00000| Untracked |  0
|  15|0x000000008dd00000, 0x000000008de00000, 0x000000008de00000|100%| O|  |TAMS 0x000000008dd00000| PB 0x000000008dd00000| Untracked |  0
|  16|0x000000008de00000, 0x000000008df00000, 0x000000008df00000|100%| O|  |TAMS 0x000000008de00000| PB 0x000000008de00000| Untracked |  0
|  17|0x000000008df00000, 0x000000008e000000, 0x000000008e000000|100%| O|Cm|TAMS 0x000000008df00000| PB 0x000000008df00000| Complete |  0
|  18|0x000000008e000000, 0x000000008e100000, 0x000000008e100000|100%| O|  |TAMS 0x000000008e000000| PB 0x000000008e000000| Untracked |  0
|  19|0x000000008e100000, 0x000000008e200000, 0x000000008e200000|100%| O|  |TAMS 0x000000008e100000| PB 0x000000008e100000| Untracked |  0
|  20|0x000000008e200000, 0x000000008e300000, 0x000000008e300000|100%| O|  |TAMS 0x000000008e200000| PB 0x000000008e200000| Untracked |  0
|  21|0x000000008e300000, 0x000000008e400000, 0x000000008e400000|100%| O|  |TAMS 0x000000008e300000| PB 0x000000008e300000| Untracked |  0
|  22|0x000000008e400000, 0x000000008e4e0138, 0x000000008e500000| 87%| O|  |TAMS 0x000000008e400000| PB 0x000000008e400000| Untracked |  0
|  23|0x000000008e500000, 0x000000008e500000, 0x000000008e600000|  0%| F|  |TAMS 0x000000008e500000| PB 0x000000008e500000| Untracked |  0
|  24|0x000000008e600000, 0x000000008e600000, 0x000000008e700000|  0%| F|  |TAMS 0x000000008e600000| PB 0x000000008e600000| Untracked |  0
|  25|0x000000008e700000, 0x000000008e700000, 0x000000008e800000|  0%| F|  |TAMS 0x000000008e700000| PB 0x000000008e700000| Untracked |  0
|  26|0x000000008e800000, 0x000000008e800000, 0x000000008e900000|  0%| F|  |TAMS 0x000000008e800000| PB 0x000000008e800000| Untracked |  0
|  27|0x000000008e900000, 0x000000008e900000, 0x000000008ea00000|  0%| F|  |TAMS 0x000000008e900000| PB 0x000000008e900000| Untracked |  0
|  28|0x000000008ea00000, 0x000000008ea00000, 0x000000008eb00000|  0%| F|  |TAMS 0x000000008ea00000| PB 0x000000008ea00000| Untracked |  0
|  29|0x000000008eb00000, 0x000000008eb00000, 0x000000008ec00000|  0%| F|  |TAMS 0x000000008eb00000| PB 0x000000008eb00000| Untracked |  0
|  30|0x000000008ec00000, 0x000000008ec00000, 0x000000008ed00000|  0%| F|  |TAMS 0x000000008ec00000| PB 0x000000008ec00000| Untracked |  0
|  31|0x000000008ed00000, 0x000000008ed00000, 0x000000008ee00000|  0%| F|  |TAMS 0x000000008ed00000| PB 0x000000008ed00000| Untracked |  0
|  32|0x000000008ee00000, 0x000000008ef00000, 0x000000008ef00000|100%| E|  |TAMS 0x000000008ee00000| PB 0x000000008ee00000| Complete |  0
|  33|0x000000008ef00000, 0x000000008f000000, 0x000000008f000000|100%| E|CS|TAMS 0x000000008ef00000| PB 0x000000008ef00000| Complete |  0
|  34|0x000000008f000000, 0x000000008f100000, 0x000000008f100000|100%| E|CS|TAMS 0x000000008f000000| PB 0x000000008f000000| Complete |  0
|  35|0x000000008f100000, 0x000000008f200000, 0x000000008f200000|100%| E|CS|TAMS 0x000000008f100000| PB 0x000000008f100000| Complete |  0
|  36|0x000000008f200000, 0x000000008f300000, 0x000000008f300000|100%| E|CS|TAMS 0x000000008f200000| PB 0x000000008f200000| Complete |  0
|  37|0x000000008f300000, 0x000000008f400000, 0x000000008f400000|100%| E|CS|TAMS 0x000000008f300000| PB 0x000000008f300000| Complete |  0
|  38|0x000000008f400000, 0x000000008f500000, 0x000000008f500000|100%| E|CS|TAMS 0x000000008f400000| PB 0x000000008f400000| Complete |  0
|  39|0x000000008f500000, 0x000000008f600000, 0x000000008f600000|100%| E|CS|TAMS 0x000000008f500000| PB 0x000000008f500000| Complete |  0
|  40|0x000000008f600000, 0x000000008f700000, 0x000000008f700000|100%| E|CS|TAMS 0x000000008f600000| PB 0x000000008f600000| Complete |  0
|  41|0x000000008f700000, 0x000000008f800000, 0x000000008f800000|100%| E|CS|TAMS 0x000000008f700000| PB 0x000000008f700000| Complete |  0
|  42|0x000000008f800000, 0x000000008f900000, 0x000000008f900000|100%| E|CS|TAMS 0x000000008f800000| PB 0x000000008f800000| Complete |  0
|  43|0x000000008f900000, 0x000000008fa00000, 0x000000008fa00000|100%| S|CS|TAMS 0x000000008f900000| PB 0x000000008f900000| Complete |  0
|  44|0x000000008fa00000, 0x000000008fb00000, 0x000000008fb00000|100%| S|CS|TAMS 0x000000008fa00000| PB 0x000000008fa00000| Complete |  0
|  45|0x000000008fb00000, 0x000000008fc00000, 0x000000008fc00000|100%| E|CS|TAMS 0x000000008fb00000| PB 0x000000008fb00000| Complete |  0
|  46|0x000000008fc00000, 0x000000008fd00000, 0x000000008fd00000|100%| E|CS|TAMS 0x000000008fc00000| PB 0x000000008fc00000| Complete |  0
|  47|0x000000008fd00000, 0x000000008fe00000, 0x000000008fe00000|100%| E|CS|TAMS 0x000000008fd00000| PB 0x000000008fd00000| Complete |  0
|  48|0x000000008fe00000, 0x000000008ff00000, 0x000000008ff00000|100%| E|CS|TAMS 0x000000008fe00000| PB 0x000000008fe00000| Complete |  0
|  79|0x0000000091d00000, 0x0000000091e00000, 0x0000000091e00000|100%| E|CS|TAMS 0x0000000091d00000| PB 0x0000000091d00000| Complete |  0
|  80|0x0000000091e00000, 0x0000000091f00000, 0x0000000091f00000|100%| E|CS|TAMS 0x0000000091e00000| PB 0x0000000091e00000| Complete |  0
|  84|0x0000000092200000, 0x0000000092300000, 0x0000000092300000|100%| E|CS|TAMS 0x0000000092200000| PB 0x0000000092200000| Complete |  0
|  85|0x0000000092300000, 0x0000000092400000, 0x0000000092400000|100%| E|CS|TAMS 0x0000000092300000| PB 0x0000000092300000| Complete |  0
|  86|0x0000000092400000, 0x0000000092500000, 0x0000000092500000|100%| E|CS|TAMS 0x0000000092400000| PB 0x0000000092400000| Complete |  0
| 114|0x0000000094000000, 0x0000000094100000, 0x0000000094100000|100%| E|CS|TAMS 0x0000000094000000| PB 0x0000000094000000| Complete |  0
| 115|0x0000000094100000, 0x0000000094200000, 0x0000000094200000|100%| E|CS|TAMS 0x0000000094100000| PB 0x0000000094100000| Complete |  0
|1839|0x00000000ffd00000, 0x00000000ffe00000, 0x00000000ffe00000|100%| O|  |TAMS 0x00000000ffd00000| PB 0x00000000ffd00000| Untracked |  0
|1840|0x00000000ffe00000, 0x00000000fff00000, 0x00000000fff00000|100%| O|  |TAMS 0x00000000ffe00000| PB 0x00000000ffe00000| Untracked |  0
|1841|0x00000000fff00000, 0x0000000100000000, 0x0000000100000000|100%| O|  |TAMS 0x00000000fff00000| PB 0x00000000fff00000| Untracked |  0

Card table byte_map: [0x0000013f34740000,0x0000013f34ae0000] _byte_map_base: 0x0000013f342d9000

Marking Bits: (CMBitMap*) 0x0000013f1c841250
 Bits: [0x0000013f34ae0000, 0x0000013f367a8000)

Polling page: 0x0000013f1a4f0000

Metaspace:

Usage:
  Non-class:     53.32 MB used.
      Class:      8.61 MB used.
       Both:     61.94 MB used.

Virtual space:
  Non-class space:       64.00 MB reserved,      53.62 MB ( 84%) committed,  1 nodes.
      Class space:        1.00 GB reserved,       8.88 MB ( <1%) committed,  1 nodes.
             Both:        1.06 GB reserved,      62.50 MB (  6%) committed. 

Chunk freelists:
   Non-Class:  9.75 MB
       Class:  6.97 MB
        Both:  16.72 MB

MaxMetaspaceSize: unlimited
CompressedClassSpaceSize: 1.00 GB
Initial GC threshold: 21.00 MB
Current GC threshold: 98.69 MB
CDS: on
 - commit_granule_bytes: 65536.
 - commit_granule_words: 8192.
 - virtual_space_node_default_size: 8388608.
 - enlarge_chunks_in_place: 1.
 - use_allocation_guard: 0.


Internal statistics:

num_allocs_failed_limit: 9.
num_arena_births: 810.
num_arena_deaths: 0.
num_vsnodes_births: 2.
num_vsnodes_deaths: 0.
num_space_committed: 1000.
num_space_uncommitted: 0.
num_chunks_returned_to_freelist: 9.
num_chunks_taken_from_freelist: 3060.
num_chunk_merges: 9.
num_chunk_splits: 2230.
num_chunks_enlarged: 1774.
num_inconsistent_stats: 0.

CodeHeap 'non-profiled nmethods': size=119168Kb used=3353Kb max_used=3640Kb free=115814Kb
 bounds [0x0000013f2c6c0000, 0x0000013f2ca50000, 0x0000013f33b20000]
CodeHeap 'profiled nmethods': size=119104Kb used=10785Kb max_used=11134Kb free=108318Kb
 bounds [0x0000013f24b20000, 0x0000013f25610000, 0x0000013f2bf70000]
CodeHeap 'non-nmethods': size=7488Kb used=2255Kb max_used=3287Kb free=5233Kb
 bounds [0x0000013f2bf70000, 0x0000013f2c2b0000, 0x0000013f2c6c0000]
 total_blobs=6157 nmethods=5431 adapters=629
 compilation: enabled
              stopped_count=0, restarted_count=0
 full_count=0

Compilation events (20 events):
Event: 13.321 Thread 0x0000013f399d7590 6130       3       org.springframework.core.annotation.TypeMappedAnnotations$AggregatesSpliterator::tryAdvance (64 bytes)
Event: 13.321 Thread 0x0000013f399d7590 nmethod 6130 0x0000013f24f7ec10 code [0x0000013f24f7ee00, 0x0000013f24f7f318]
Event: 13.321 Thread 0x0000013f39780c10 nmethod 6129 0x0000013f24e0b810 code [0x0000013f24e0bb20, 0x0000013f24e0ce18]
Event: 13.323 Thread 0x0000013f39780c10 6132       1       org.springframework.core.type.StandardMethodMetadata::getAnnotations (5 bytes)
Event: 13.323 Thread 0x0000013f399d6ed0 nmethod 6127 0x0000013f252cdc90 code [0x0000013f252ce520, 0x0000013f252d48b0]
Event: 13.323 Thread 0x0000013f39780c10 nmethod 6132 0x0000013f2c835d90 code [0x0000013f2c835f20, 0x0000013f2c835fe8]
Event: 13.326 Thread 0x0000013f399d7590 6134       1       org.springframework.beans.factory.support.AbstractAutowireCapableBeanFactory::getInstantiationStrategy (5 bytes)
Event: 13.326 Thread 0x0000013f399d7590 nmethod 6134 0x0000013f2c835a90 code [0x0000013f2c835c20, 0x0000013f2c835cf0]
Event: 13.326 Thread 0x0000013f399d6ed0 6135       3       org.springframework.beans.AbstractNestablePropertyAccessor::getWrappedClass (8 bytes)
Event: 13.327 Thread 0x0000013f399d6ed0 nmethod 6135 0x0000013f24f89590 code [0x0000013f24f89760, 0x0000013f24f89aa8]
Event: 13.327 Thread 0x0000013f399d7590 6136       3       org.springframework.beans.factory.support.DefaultListableBeanFactory::getBeanNamesForType (101 bytes)
Event: 13.328 Thread 0x0000013f399d7590 nmethod 6136 0x0000013f24c09f90 code [0x0000013f24c0a1e0, 0x0000013f24c0ac48]
Event: 13.331 Thread 0x0000013f399d7590 6137       1       org.springframework.data.repository.config.PropertiesBasedNamedQueriesFactoryBean::getObjectType (3 bytes)
Event: 13.332 Thread 0x0000013f399d6ed0 6138       1       org.springframework.data.repository.core.support.RepositoryFragmentsFactoryBean::getObjectType (3 bytes)
Event: 13.332 Thread 0x0000013f39780c10 6139       1       org.springframework.data.repository.core.support.RepositoryFactoryBeanSupport::getObjectType (5 bytes)
Event: 13.332 Thread 0x0000013f399d7590 nmethod 6137 0x0000013f2c835790 code [0x0000013f2c835920, 0x0000013f2c8359f0]
Event: 13.332 Thread 0x0000013f399d6ed0 nmethod 6138 0x0000013f2c835490 code [0x0000013f2c835620, 0x0000013f2c8356f0]
Event: 13.332 Thread 0x0000013f39780c10 nmethod 6139 0x0000013f2c834f10 code [0x0000013f2c8350a0, 0x0000013f2c835168]
Event: 13.336 Thread 0x0000013f39780c10 6140       3       org.springframework.boot.context.properties.bind.Bindable::box (60 bytes)
Event: 13.336 Thread 0x0000013f39780c10 nmethod 6140 0x0000013f24b97410 code [0x0000013f24b97640, 0x0000013f24b97c88]

GC Heap History (20 events):
Event: 1.644 GC heap before
{Heap before GC invocations=0 (full 0):
 garbage-first heap   total reserved 1886208K, committed 118784K, used 27648K [0x000000008ce00000, 0x0000000100000000)
  region size 1024K, 24 young (24576K), 0 survivors (0K)
 Metaspace       used 6111K, committed 6336K, reserved 1114112K
  class space    used 720K, committed 768K, reserved 1048576K
}
Event: 1.655 GC heap after
{Heap after GC invocations=1 (full 0):
 garbage-first heap   total reserved 1886208K, committed 118784K, used 9320K [0x000000008ce00000, 0x0000000100000000)
  region size 1024K, 3 young (3072K), 3 survivors (3072K)
 Metaspace       used 6111K, committed 6336K, reserved 1114112K
  class space    used 720K, committed 768K, reserved 1048576K
}
Event: 2.849 GC heap before
{Heap before GC invocations=1 (full 0):
 garbage-first heap   total reserved 1886208K, committed 118784K, used 39016K [0x000000008ce00000, 0x0000000100000000)
  region size 1024K, 32 young (32768K), 3 survivors (3072K)
 Metaspace       used 13452K, committed 13824K, reserved 1114112K
  class space    used 1782K, committed 1984K, reserved 1048576K
}
Event: 2.856 GC heap after
{Heap after GC invocations=2 (full 0):
 garbage-first heap   total reserved 1886208K, committed 118784K, used 12088K [0x000000008ce00000, 0x0000000100000000)
  region size 1024K, 3 young (3072K), 3 survivors (3072K)
 Metaspace       used 13452K, committed 13824K, reserved 1114112K
  class space    used 1782K, committed 1984K, reserved 1048576K
}
Event: 4.073 GC heap before
{Heap before GC invocations=2 (full 0):
 garbage-first heap   total reserved 1886208K, committed 118784K, used 39736K [0x000000008ce00000, 0x0000000100000000)
  region size 1024K, 32 young (32768K), 3 survivors (3072K)
 Metaspace       used 21234K, committed 21504K, reserved 1114112K
  class space    used 2704K, committed 2816K, reserved 1048576K
}
Event: 4.079 GC heap after
{Heap after GC invocations=3 (full 0):
 garbage-first heap   total reserved 1886208K, committed 118784K, used 14600K [0x000000008ce00000, 0x0000000100000000)
  region size 1024K, 5 young (5120K), 5 survivors (5120K)
 Metaspace       used 21234K, committed 21504K, reserved 1114112K
  class space    used 2704K, committed 2816K, reserved 1048576K
}
Event: 5.180 GC heap before
{Heap before GC invocations=4 (full 0):
 garbage-first heap   total reserved 1886208K, committed 51200K, used 49416K [0x000000008ce00000, 0x0000000100000000)
  region size 1024K, 40 young (40960K), 5 survivors (5120K)
 Metaspace       used 25964K, committed 26304K, reserved 1114112K
  class space    used 3314K, committed 3456K, reserved 1048576K
}
Event: 5.270 GC heap after
{Heap after GC invocations=5 (full 0):
 garbage-first heap   total reserved 1886208K, committed 60416K, used 17948K [0x000000008ce00000, 0x0000000100000000)
  region size 1024K, 6 young (6144K), 6 survivors (6144K)
 Metaspace       used 25964K, committed 26304K, reserved 1114112K
  class space    used 3314K, committed 3456K, reserved 1048576K
}
Event: 7.403 GC heap before
{Heap before GC invocations=5 (full 0):
 garbage-first heap   total reserved 1886208K, committed 60416K, used 46620K [0x000000008ce00000, 0x0000000100000000)
  region size 1024K, 34 young (34816K), 6 survivors (6144K)
 Metaspace       used 30371K, committed 30784K, reserved 1114112K
  class space    used 4014K, committed 4224K, reserved 1048576K
}
Event: 7.421 GC heap after
{Heap after GC invocations=6 (full 0):
 garbage-first heap   total reserved 1886208K, committed 60416K, used 20459K [0x000000008ce00000, 0x0000000100000000)
  region size 1024K, 3 young (3072K), 3 survivors (3072K)
 Metaspace       used 30371K, committed 30784K, reserved 1114112K
  class space    used 4014K, committed 4224K, reserved 1048576K
}
Event: 9.099 GC heap before
{Heap before GC invocations=6 (full 0):
 garbage-first heap   total reserved 1886208K, committed 60416K, used 48107K [0x000000008ce00000, 0x0000000100000000)
  region size 1024K, 30 young (30720K), 3 survivors (3072K)
 Metaspace       used 35634K, committed 36096K, reserved 1114112K
  class space    used 4677K, committed 4864K, reserved 1048576K
}
Event: 9.103 GC heap after
{Heap after GC invocations=7 (full 0):
 garbage-first heap   total reserved 1886208K, committed 60416K, used 22722K [0x000000008ce00000, 0x0000000100000000)
  region size 1024K, 3 young (3072K), 3 survivors (3072K)
 Metaspace       used 35634K, committed 36096K, reserved 1114112K
  class space    used 4677K, committed 4864K, reserved 1048576K
}
Event: 10.613 GC heap before
{Heap before GC invocations=8 (full 0):
 garbage-first heap   total reserved 1886208K, committed 60416K, used 49346K [0x000000008ce00000, 0x0000000100000000)
  region size 1024K, 29 young (29696K), 3 survivors (3072K)
 Metaspace       used 42996K, committed 43520K, reserved 1114112K
  class space    used 5784K, committed 6016K, reserved 1048576K
}
Event: 10.617 GC heap after
{Heap after GC invocations=9 (full 0):
 garbage-first heap   total reserved 1886208K, committed 60416K, used 24922K [0x000000008ce00000, 0x0000000100000000)
  region size 1024K, 4 young (4096K), 4 survivors (4096K)
 Metaspace       used 42996K, committed 43520K, reserved 1114112K
  class space    used 5784K, committed 6016K, reserved 1048576K
}
Event: 11.653 GC heap before
{Heap before GC invocations=9 (full 0):
 garbage-first heap   total reserved 1886208K, committed 60416K, used 49498K [0x000000008ce00000, 0x0000000100000000)
  region size 1024K, 29 young (29696K), 4 survivors (4096K)
 Metaspace       used 49497K, committed 49984K, reserved 1114112K
  class space    used 6642K, committed 6848K, reserved 1048576K
}
Event: 11.657 GC heap after
{Heap after GC invocations=10 (full 0):
 garbage-first heap   total reserved 1886208K, committed 60416K, used 26624K [0x000000008ce00000, 0x0000000100000000)
  region size 1024K, 2 young (2048K), 2 survivors (2048K)
 Metaspace       used 49497K, committed 49984K, reserved 1114112K
  class space    used 6642K, committed 6848K, reserved 1048576K
}
Event: 12.346 GC heap before
{Heap before GC invocations=10 (full 0):
 garbage-first heap   total reserved 1886208K, committed 60416K, used 51200K [0x000000008ce00000, 0x0000000100000000)
  region size 1024K, 27 young (27648K), 2 survivors (2048K)
 Metaspace       used 57038K, committed 57600K, reserved 1114112K
  class space    used 7866K, committed 8128K, reserved 1048576K
}
Event: 12.349 GC heap after
{Heap after GC invocations=11 (full 0):
 garbage-first heap   total reserved 1886208K, committed 60416K, used 27511K [0x000000008ce00000, 0x0000000100000000)
  region size 1024K, 3 young (3072K), 3 survivors (3072K)
 Metaspace       used 57038K, committed 57600K, reserved 1114112K
  class space    used 7866K, committed 8128K, reserved 1048576K
}
Event: 12.758 GC heap before
{Heap before GC invocations=11 (full 0):
 garbage-first heap   total reserved 1886208K, committed 60416K, used 37751K [0x000000008ce00000, 0x0000000100000000)
  region size 1024K, 14 young (14336K), 3 survivors (3072K)
 Metaspace       used 59857K, committed 60416K, reserved 1114112K
  class space    used 8265K, committed 8512K, reserved 1048576K
}
Event: 12.762 GC heap after
{Heap after GC invocations=12 (full 0):
 garbage-first heap   total reserved 1886208K, committed 60416K, used 28544K [0x000000008ce00000, 0x0000000100000000)
  region size 1024K, 2 young (2048K), 2 survivors (2048K)
 Metaspace       used 59857K, committed 60416K, reserved 1114112K
  class space    used 8265K, committed 8512K, reserved 1048576K
}

Dll operation events (15 events):
Event: 0.030 Loaded shared library C:\Users\HUY\.jdks\openjdk-22.0.2\bin\java.dll
Event: 0.084 Loaded shared library C:\Users\HUY\.jdks\openjdk-22.0.2\bin\jsvml.dll
Event: 0.259 Loaded shared library C:\Users\HUY\.jdks\openjdk-22.0.2\bin\zip.dll
Event: 0.267 Loaded shared library C:\Users\HUY\.jdks\openjdk-22.0.2\bin\instrument.dll
Event: 0.277 Loaded shared library C:\Users\HUY\.jdks\openjdk-22.0.2\bin\net.dll
Event: 0.281 Loaded shared library C:\Users\HUY\.jdks\openjdk-22.0.2\bin\nio.dll
Event: 0.289 Loaded shared library C:\Users\HUY\.jdks\openjdk-22.0.2\bin\zip.dll
Event: 0.491 Loaded shared library C:\Program Files\JetBrains\IntelliJ IDEA Community Edition 2024.1.4\bin\breakgen64.dll
Event: 0.510 Loaded shared library C:\Users\HUY\.jdks\openjdk-22.0.2\bin\extnet.dll
Event: 0.601 Loaded shared library C:\Users\HUY\.jdks\openjdk-22.0.2\bin\jimage.dll
Event: 2.600 Loaded shared library C:\Users\HUY\.jdks\openjdk-22.0.2\bin\le.dll
Event: 4.377 Loaded shared library C:\Users\HUY\.jdks\openjdk-22.0.2\bin\sunmscapi.dll
Event: 7.890 Loaded shared library C:\Users\HUY\.jdks\openjdk-22.0.2\bin\management.dll
Event: 7.900 Loaded shared library C:\Users\HUY\.jdks\openjdk-22.0.2\bin\management_ext.dll
Event: 9.582 Loaded shared library C:\Users\HUY\.jdks\openjdk-22.0.2\bin\verify.dll

Deoptimization events (20 events):
Event: 13.274 Thread 0x0000013f1c7ec7e0 Uncommon trap: trap_request=0xffffffde fr.pc=0x0000013f2ca49ab4 relative=0x00000000000000f4
Event: 13.274 Thread 0x0000013f1c7ec7e0 Uncommon trap: reason=class_check action=maybe_recompile pc=0x0000013f2ca49ab4 method=org.springframework.core.SerializableTypeWrapper.unwrap(Ljava/lang/reflect/Type;)Ljava/lang/reflect/Type; @ 10 c2
Event: 13.274 Thread 0x0000013f1c7ec7e0 DEOPT PACKING pc=0x0000013f2ca49ab4 sp=0x00000026771fc800
Event: 13.274 Thread 0x0000013f1c7ec7e0 DEOPT UNPACKING pc=0x0000013f2bfc46a2 sp=0x00000026771fc788 mode 2
Event: 13.274 Thread 0x0000013f1c7ec7e0 Uncommon trap: trap_request=0xffffffde fr.pc=0x0000013f2ca49ab4 relative=0x00000000000000f4
Event: 13.274 Thread 0x0000013f1c7ec7e0 Uncommon trap: reason=class_check action=maybe_recompile pc=0x0000013f2ca49ab4 method=org.springframework.core.SerializableTypeWrapper.unwrap(Ljava/lang/reflect/Type;)Ljava/lang/reflect/Type; @ 10 c2
Event: 13.274 Thread 0x0000013f1c7ec7e0 DEOPT PACKING pc=0x0000013f2ca49ab4 sp=0x00000026771fc550
Event: 13.274 Thread 0x0000013f1c7ec7e0 DEOPT UNPACKING pc=0x0000013f2bfc46a2 sp=0x00000026771fc4d8 mode 2
Event: 13.288 Thread 0x0000013f1c7ec7e0 Uncommon trap: trap_request=0xffffffbe fr.pc=0x0000013f2c8e8a60 relative=0x0000000000002be0
Event: 13.288 Thread 0x0000013f1c7ec7e0 Uncommon trap: reason=profile_predicate action=maybe_recompile pc=0x0000013f2c8e8a60 method=org.springframework.util.ReflectionUtils.doWithMethods(Ljava/lang/Class;Lorg/springframework/util/ReflectionUtils$MethodCallback;Lorg/springframework/util/Reflecti
Event: 13.288 Thread 0x0000013f1c7ec7e0 DEOPT PACKING pc=0x0000013f2c8e8a60 sp=0x00000026771fbd70
Event: 13.288 Thread 0x0000013f1c7ec7e0 DEOPT UNPACKING pc=0x0000013f2bfc46a2 sp=0x00000026771fbd98 mode 2
Event: 13.292 Thread 0x0000013f1c7ec7e0 Uncommon trap: trap_request=0xffffff45 fr.pc=0x0000013f2c8f7fe0 relative=0x00000000000039c0
Event: 13.292 Thread 0x0000013f1c7ec7e0 Uncommon trap: reason=unstable_if action=reinterpret pc=0x0000013f2c8f7fe0 method=org.springframework.beans.factory.support.AbstractBeanFactory.isTypeMatch(Ljava/lang/String;Lorg/springframework/core/ResolvableType;Z)Z @ 384 c2
Event: 13.292 Thread 0x0000013f1c7ec7e0 DEOPT PACKING pc=0x0000013f2c8f7fe0 sp=0x00000026771fca10
Event: 13.292 Thread 0x0000013f1c7ec7e0 DEOPT UNPACKING pc=0x0000013f2bfc46a2 sp=0x00000026771fca48 mode 2
Event: 13.301 Thread 0x0000013f1c7ec7e0 Uncommon trap: trap_request=0xffffff45 fr.pc=0x0000013f2c852800 relative=0x00000000000003e0
Event: 13.301 Thread 0x0000013f1c7ec7e0 Uncommon trap: reason=unstable_if action=reinterpret pc=0x0000013f2c852800 method=sun.reflect.annotation.AnnotationInvocationHandler.invoke(Ljava/lang/Object;Ljava/lang/reflect/Method;[Ljava/lang/Object;)Ljava/lang/Object; @ 136 c2
Event: 13.301 Thread 0x0000013f1c7ec7e0 DEOPT PACKING pc=0x0000013f2c852800 sp=0x00000026771fc550
Event: 13.301 Thread 0x0000013f1c7ec7e0 DEOPT UNPACKING pc=0x0000013f2bfc46a2 sp=0x00000026771fc4d0 mode 2

Classes loaded (20 events):
Event: 13.139 Loading class java/lang/invoke/WrongMethodTypeException
Event: 13.139 Loading class java/lang/invoke/WrongMethodTypeException done
Event: 13.149 Loading class java/lang/Character$UnicodeBlock
Event: 13.150 Loading class java/lang/Character$Subset
Event: 13.150 Loading class java/lang/Character$Subset done
Event: 13.151 Loading class java/lang/Character$UnicodeBlock done
Event: 13.204 Loading class java/util/regex/Pattern$SliceU
Event: 13.204 Loading class java/util/regex/Pattern$SliceU done
Event: 13.204 Loading class java/util/regex/Pattern$Bound
Event: 13.204 Loading class java/util/regex/Pattern$Bound done
Event: 13.204 Loading class java/util/regex/Pattern$SliceI
Event: 13.204 Loading class java/util/regex/Pattern$SliceI done
Event: 13.205 Loading class java/util/regex/Pattern$LookBehindEndNode
Event: 13.205 Loading class java/util/regex/Pattern$LookBehindEndNode done
Event: 13.205 Loading class java/util/regex/Pattern$NotBehind
Event: 13.205 Loading class java/util/regex/Pattern$NotBehind done
Event: 13.206 Loading class java/util/regex/Pattern$Behind
Event: 13.206 Loading class java/util/regex/Pattern$Behind done
Event: 13.300 Loading class sun/reflect/annotation/TypeNotPresentExceptionProxy
Event: 13.300 Loading class sun/reflect/annotation/TypeNotPresentExceptionProxy done

Classes unloaded (0 events):
No events

Classes redefined (0 events):
No events

Internal exceptions (20 events):
Event: 12.331 Thread 0x0000013f1c7ec7e0 Exception <a 'java/lang/NoSuchMethodError'{0x000000008ed248a0}: 'java.lang.Object java.lang.invoke.DirectMethodHandle$Holder.newInvokeSpecial(java.lang.Object, java.lang.Object, java.lang.Object, java.lang.Object, java.lang.Object, int, java.lang.Object)'> (0x000000008ed248a0) 
thrown [s\open\src\hotspot\share\interpreter\linkResolver.cpp, line 774]
Event: 12.335 Thread 0x0000013f1c7ec7e0 Exception <a 'java/lang/NoSuchMethodError'{0x000000008ed578f8}: 'java.lang.Object java.lang.invoke.DirectMethodHandle$Holder.newInvokeSpecial(java.lang.Object, java.lang.Object, java.lang.Object, java.lang.Object, java.lang.Object, java.lang.Object, java.lang.Object, java.lang.Object, java.lang.Object, java.lang.Object, java.lang.Object, java.lang.Object)'> (0x000000008ed578f8) 
thrown [s\open\src\hotspot\share\interpreter\linkResolver.cpp, line 774]
Event: 12.336 Thread 0x0000013f1c7ec7e0 Exception <a 'java/lang/NoSuchMethodError'{0x000000008ed60808}: 'java.lang.Object java.lang.invoke.Invokers$Holder.linkToTargetMethod(java.lang.Object, java.lang.Object, java.lang.Object, java.lang.Object, java.lang.Object, java.lang.Object, java.lang.Object, java.lang.Object, java.lang.Object, java.lang.Object, java.lang.Object, java.lang.Object)'> (0x000000008ed60808) 
thrown [s\open\src\hotspot\share\interpreter\linkResolver.cpp, line 774]
Event: 12.366 Thread 0x0000013f1c7ec7e0 Exception <a 'java/lang/IncompatibleClassChangeError'{0x00000000941d0000}: Found class java.lang.Object, but interface was expected> (0x00000000941d0000) 
thrown [s\open\src\hotspot\share\interpreter\linkResolver.cpp, line 841]
Event: 12.378 Thread 0x0000013f1c7ec7e0 Exception <a 'java/lang/NoSuchMethodError'{0x00000000940665b0}: 'java.lang.Object java.lang.invoke.DirectMethodHandle$Holder.newInvokeSpecial(java.lang.Object, java.lang.Object, int, java.lang.Object, int, java.lang.Object, java.lang.Object)'> (0x00000000940665b0) 
thrown [s\open\src\hotspot\share\interpreter\linkResolver.cpp, line 774]
Event: 12.387 Thread 0x0000013f1c7ec7e0 Exception <a 'java/lang/NoSuchMethodError'{0x00000000940d83c8}: 'java.lang.Object java.lang.invoke.DirectMethodHandle$Holder.newInvokeSpecial(java.lang.Object, java.lang.Object, java.lang.Object, java.lang.Object, java.lang.Object, java.lang.Object, java.lang.Object, int)'> (0x00000000940d83c8) 
thrown [s\open\src\hotspot\share\interpreter\linkResolver.cpp, line 774]
Event: 12.388 Thread 0x0000013f1c7ec7e0 Exception <a 'java/lang/NoSuchMethodError'{0x00000000940dc958}: 'java.lang.Object java.lang.invoke.DirectMethodHandle$Holder.invokeSpecial(java.lang.Object, java.lang.Object, java.lang.Object, java.lang.Object, java.lang.Object, java.lang.Object, java.lang.Object, java.lang.Object, int)'> (0x00000000940dc958) 
thrown [s\open\src\hotspot\share\interpreter\linkResolver.cpp, line 774]
Event: 12.388 Thread 0x0000013f1c7ec7e0 Exception <a 'java/lang/NoSuchMethodError'{0x00000000940e0970}: 'java.lang.Object java.lang.invoke.Invokers$Holder.linkToTargetMethod(java.lang.Object, java.lang.Object, java.lang.Object, java.lang.Object, java.lang.Object, java.lang.Object, int, java.lang.Object)'> (0x00000000940e0970) 
thrown [s\open\src\hotspot\share\interpreter\linkResolver.cpp, line 774]
Event: 12.405 Thread 0x0000013f1c7ec7e0 Exception <a 'java/lang/NoSuchMethodError'{0x00000000924b3e00}: 'void java.lang.invoke.DirectMethodHandle$Holder.invokeInterface(java.lang.Object, java.lang.Object)'> (0x00000000924b3e00) 
thrown [s\open\src\hotspot\share\interpreter\linkResolver.cpp, line 774]
Event: 12.662 Thread 0x0000013f1c7ec7e0 Exception <a 'java/lang/NoSuchMethodError'{0x000000008fe9c4d8}: 'java.lang.Object java.lang.invoke.DirectMethodHandle$Holder.invokeSpecial(java.lang.Object, java.lang.Object, int, java.lang.Object, int)'> (0x000000008fe9c4d8) 
thrown [s\open\src\hotspot\share\interpreter\linkResolver.cpp, line 774]
Event: 12.728 Thread 0x0000013f1c7ec7e0 Implicit null exception at 0x0000013f2c797373 to 0x0000013f2c7975e4
Event: 12.740 Thread 0x0000013f1c7ec7e0 Implicit null exception at 0x0000013f2ca33e4d to 0x0000013f2ca34168
Event: 12.740 Thread 0x0000013f1c7ec7e0 Implicit null exception at 0x0000013f2ca33a1a to 0x0000013f2ca33a54
Event: 12.806 Thread 0x0000013f1c7ec7e0 Implicit null exception at 0x0000013f2ca18e69 to 0x0000013f2ca1ab94
Event: 12.815 Thread 0x0000013f1c7ec7e0 Exception <a 'java/lang/IncompatibleClassChangeError'{0x00000000924407f0}: Found class java.lang.Object, but interface was expected> (0x00000000924407f0) 
thrown [s\open\src\hotspot\share\interpreter\linkResolver.cpp, line 841]
Event: 12.869 Thread 0x0000013f1c7ec7e0 Exception <a 'java/lang/IncompatibleClassChangeError'{0x00000000923c0ca8}: Found class java.lang.Object, but interface was expected> (0x00000000923c0ca8) 
thrown [s\open\src\hotspot\share\interpreter\linkResolver.cpp, line 841]
Event: 13.071 Thread 0x0000013f1c7ec7e0 Exception <a 'java/lang/IncompatibleClassChangeError'{0x000000008fb1fc50}: Found class java.lang.Object, but interface was expected> (0x000000008fb1fc50) 
thrown [s\open\src\hotspot\share\interpreter\linkResolver.cpp, line 841]
Event: 13.167 Thread 0x0000013f1c7ec7e0 Exception <a 'java/lang/IncompatibleClassChangeError'{0x000000008f7cb9e8}: Found class java.lang.Object, but interface was expected> (0x000000008f7cb9e8) 
thrown [s\open\src\hotspot\share\interpreter\linkResolver.cpp, line 841]
Event: 13.167 Thread 0x0000013f1c7ec7e0 Exception <a 'java/lang/IncompatibleClassChangeError'{0x000000008f7d0fb0}: Found class java.lang.Object, but interface was expected> (0x000000008f7d0fb0) 
thrown [s\open\src\hotspot\share\interpreter\linkResolver.cpp, line 841]
Event: 13.283 Thread 0x0000013f1c7ec7e0 Exception <a 'java/lang/NoSuchMethodError'{0x000000008f3de810}: 'void java.lang.invoke.Invokers$Holder.invokeExact_MT(java.lang.Object, java.lang.Object, java.lang.Object, java.lang.Object)'> (0x000000008f3de810) 
thrown [s\open\src\hotspot\share\interpreter\linkResolver.cpp, line 774]

ZGC Phase Switch (0 events):
No events

VM Operations (20 events):
Event: 11.956 Executing VM operation: HandshakeAllThreads (Deoptimize)
Event: 11.956 Executing VM operation: HandshakeAllThreads (Deoptimize) done
Event: 12.169 Executing VM operation: ICBufferFull
Event: 12.170 Executing VM operation: ICBufferFull done
Event: 12.346 Executing VM operation: G1CollectForAllocation (G1 Evacuation Pause)
Event: 12.349 Executing VM operation: G1CollectForAllocation (G1 Evacuation Pause) done
Event: 12.607 Executing VM operation: HandshakeAllThreads (Deoptimize)
Event: 12.607 Executing VM operation: HandshakeAllThreads (Deoptimize) done
Event: 12.758 Executing VM operation: CollectForMetadataAllocation (Metadata GC Threshold)
Event: 12.762 Executing VM operation: CollectForMetadataAllocation (Metadata GC Threshold) done
Event: 12.778 Executing VM operation: G1PauseRemark
Event: 12.783 Executing VM operation: G1PauseRemark done
Event: 12.789 Executing VM operation: G1PauseCleanup
Event: 12.797 Executing VM operation: G1PauseCleanup done
Event: 13.085 Executing VM operation: HandshakeAllThreads (Deoptimize)
Event: 13.085 Executing VM operation: HandshakeAllThreads (Deoptimize) done
Event: 13.087 Executing VM operation: HandshakeAllThreads (Deoptimize)
Event: 13.087 Executing VM operation: HandshakeAllThreads (Deoptimize) done
Event: 13.334 Executing VM operation: ICBufferFull
Event: 13.334 Executing VM operation: ICBufferFull done

Memory protections (0 events):
No events

Nmethod flushes (20 events):
Event: 12.782 Thread 0x0000013f3973de90 flushing  nmethod 0x0000013f24e20210
Event: 12.782 Thread 0x0000013f3973de90 flushing  nmethod 0x0000013f24e6e390
Event: 12.782 Thread 0x0000013f3973de90 flushing  nmethod 0x0000013f24f85b90
Event: 12.782 Thread 0x0000013f3973de90 flushing  nmethod 0x0000013f24f86610
Event: 12.782 Thread 0x0000013f3973de90 flushing  nmethod 0x0000013f24f88410
Event: 12.782 Thread 0x0000013f3973de90 flushing  nmethod 0x0000013f24f88a10
Event: 12.782 Thread 0x0000013f3973de90 flushing  nmethod 0x0000013f24f89590
Event: 12.782 Thread 0x0000013f3973de90 flushing  nmethod 0x0000013f24f8a810
Event: 12.782 Thread 0x0000013f3973de90 flushing  nmethod 0x0000013f25047c90
Event: 12.782 Thread 0x0000013f3973de90 flushing  nmethod 0x0000013f250f0a10
Event: 12.782 Thread 0x0000013f3973de90 flushing  nmethod 0x0000013f250f1d90
Event: 12.782 Thread 0x0000013f3973de90 flushing  nmethod 0x0000013f250f6190
Event: 12.782 Thread 0x0000013f3973de90 flushing  nmethod 0x0000013f2512c710
Event: 12.782 Thread 0x0000013f3973de90 flushing  nmethod 0x0000013f25198190
Event: 12.782 Thread 0x0000013f3973de90 flushing  nmethod 0x0000013f251f6510
Event: 12.782 Thread 0x0000013f3973de90 flushing  nmethod 0x0000013f251f7210
Event: 12.782 Thread 0x0000013f3973de90 flushing  nmethod 0x0000013f251fb690
Event: 12.782 Thread 0x0000013f3973de90 flushing  nmethod 0x0000013f25280710
Event: 12.782 Thread 0x0000013f3973de90 flushing  nmethod 0x0000013f2537d410
Event: 12.782 Thread 0x0000013f3973de90 flushing  nmethod 0x0000013f253f5590

Events (20 events):
Event: 0.598 Thread 0x0000013f39ad70f0 Thread exited: 0x0000013f39ad70f0
Event: 0.727 Thread 0x0000013f39780c10 Thread added: 0x0000013f7f336130
Event: 0.736 Thread 0x0000013f398c0c00 Thread added: 0x0000013f7f34aa10
Event: 1.931 Thread 0x0000013f7f34aa10 Thread exited: 0x0000013f7f34aa10
Event: 2.159 Thread 0x0000013f398c0c00 Thread added: 0x0000013f00289940
Event: 2.333 Thread 0x0000013f1c7ec7e0 Thread added: 0x0000013f39768dd0
Event: 2.380 Thread 0x0000013f39768dd0 Thread exited: 0x0000013f39768dd0
Event: 2.541 Thread 0x0000013f1c7ec7e0 Thread added: 0x0000013f39767390
Event: 2.694 Thread 0x0000013f399d6ed0 Thread added: 0x0000013f0069af30
Event: 4.083 Thread 0x0000013f1c7ec7e0 Thread added: 0x0000013f39768dd0
Event: 4.231 Thread 0x0000013f39768dd0 Thread exited: 0x0000013f39768dd0
Event: 4.398 Thread 0x0000013f39767390 Thread exited: 0x0000013f39767390
Event: 8.239 Thread 0x0000013f1c7ec7e0 Thread added: 0x0000013f39768dd0
Event: 8.241 Thread 0x0000013f39768dd0 Thread added: 0x0000013f39767390
Event: 8.251 Thread 0x0000013f1c7ec7e0 Thread added: 0x0000013f01b135d0
Event: 8.319 Thread 0x0000013f1c7ec7e0 Thread added: 0x0000013f01b14980
Event: 9.060 Thread 0x0000013f7f336130 Thread exited: 0x0000013f7f336130
Event: 10.613 Thread 0x0000013f1c7ec7e0 Thread added: 0x0000013f01b15010
Event: 10.733 Thread 0x0000013f01b15010 Thread added: 0x0000013f01b156a0
Event: 11.279 Thread 0x0000013f0069af30 Thread exited: 0x0000013f0069af30


Dynamic libraries:
0x00007ff661df0000 - 0x00007ff661dfe000 	C:\Users\HUY\.jdks\openjdk-22.0.2\bin\java.exe
0x00007ff8484c0000 - 0x00007ff848727000 	C:\WINDOWS\SYSTEM32\ntdll.dll
0x00007ff846420000 - 0x00007ff8464e9000 	C:\WINDOWS\System32\KERNEL32.DLL
0x00007ff845d10000 - 0x00007ff846100000 	C:\WINDOWS\System32\KERNELBASE.dll
0x00007ff8458a0000 - 0x00007ff8459eb000 	C:\WINDOWS\System32\ucrtbase.dll
0x00007ff8213c0000 - 0x00007ff8213db000 	C:\Users\HUY\.jdks\openjdk-22.0.2\bin\VCRUNTIME140.dll
0x00007ff82bd80000 - 0x00007ff82bd97000 	C:\Users\HUY\.jdks\openjdk-22.0.2\bin\jli.dll
0x00007ff846c10000 - 0x00007ff846dd5000 	C:\WINDOWS\System32\USER32.dll
0x00007ff8314a0000 - 0x00007ff83173a000 	C:\WINDOWS\WinSxS\amd64_microsoft.windows.common-controls_6595b64144ccf1df_6.0.26100.4768_none_3e0c112ce331287c\COMCTL32.dll
0x00007ff845ce0000 - 0x00007ff845d07000 	C:\WINDOWS\System32\win32u.dll
0x00007ff847790000 - 0x00007ff8477bb000 	C:\WINDOWS\System32\GDI32.dll
0x00007ff846eb0000 - 0x00007ff846f59000 	C:\WINDOWS\System32\msvcrt.dll
0x00007ff846110000 - 0x00007ff846248000 	C:\WINDOWS\System32\gdi32full.dll
0x00007ff845b70000 - 0x00007ff845c13000 	C:\WINDOWS\System32\msvcp_win.dll
0x00007ff8474f0000 - 0x00007ff84751f000 	C:\WINDOWS\System32\IMM32.DLL
0x00007ff83c7a0000 - 0x00007ff83c7ac000 	C:\Users\HUY\.jdks\openjdk-22.0.2\bin\vcruntime140_1.dll
0x00007fffd57e0000 - 0x00007fffd586e000 	C:\Users\HUY\.jdks\openjdk-22.0.2\bin\msvcp140.dll
0x00007fff9c600000 - 0x00007fff9d349000 	C:\Users\HUY\.jdks\openjdk-22.0.2\bin\server\jvm.dll
0x00007ff847840000 - 0x00007ff8478f4000 	C:\WINDOWS\System32\ADVAPI32.dll
0x00007ff8476e0000 - 0x00007ff847786000 	C:\WINDOWS\System32\sechost.dll
0x00007ff846300000 - 0x00007ff846418000 	C:\WINDOWS\System32\RPCRT4.dll
0x00007ff8477c0000 - 0x00007ff847834000 	C:\WINDOWS\System32\WS2_32.dll
0x00007ff845450000 - 0x00007ff8454ae000 	C:\WINDOWS\SYSTEM32\POWRPROF.dll
0x00007ff837810000 - 0x00007ff837845000 	C:\WINDOWS\SYSTEM32\WINMM.dll
0x00007ff83cf20000 - 0x00007ff83cf2b000 	C:\WINDOWS\SYSTEM32\VERSION.dll
0x00007ff845430000 - 0x00007ff845444000 	C:\WINDOWS\SYSTEM32\UMPDC.dll
0x00007ff844370000 - 0x00007ff84438b000 	C:\WINDOWS\SYSTEM32\kernel.appcore.dll
0x00007ff833c60000 - 0x00007ff833c6a000 	C:\Users\HUY\.jdks\openjdk-22.0.2\bin\jimage.dll
0x00007ff8428a0000 - 0x00007ff842ae1000 	C:\WINDOWS\SYSTEM32\DBGHELP.DLL
0x00007ff846880000 - 0x00007ff846c05000 	C:\WINDOWS\System32\combase.dll
0x00007ff846520000 - 0x00007ff846600000 	C:\WINDOWS\System32\OLEAUT32.dll
0x00007ff826660000 - 0x00007ff8266a3000 	C:\WINDOWS\SYSTEM32\dbgcore.DLL
0x00007ff845680000 - 0x00007ff845719000 	C:\WINDOWS\System32\bcryptPrimitives.dll
0x00007ff8379f0000 - 0x00007ff8379ff000 	C:\Users\HUY\.jdks\openjdk-22.0.2\bin\instrument.dll
0x00007ff81f040000 - 0x00007ff81f05e000 	C:\Users\HUY\.jdks\openjdk-22.0.2\bin\java.dll
0x00007ff847c00000 - 0x00007ff84834d000 	C:\WINDOWS\System32\SHELL32.dll
0x00007ff8459f0000 - 0x00007ff845b63000 	C:\WINDOWS\System32\wintypes.dll
0x00007ff847530000 - 0x00007ff8476d0000 	C:\WINDOWS\System32\ole32.dll
0x00007ff8431a0000 - 0x00007ff843a00000 	C:\WINDOWS\SYSTEM32\windows.storage.dll
0x00007ff846610000 - 0x00007ff846705000 	C:\WINDOWS\System32\SHCORE.dll
0x00007ff847900000 - 0x00007ff84796a000 	C:\WINDOWS\System32\shlwapi.dll
0x00007ff845510000 - 0x00007ff845539000 	C:\WINDOWS\SYSTEM32\profapi.dll
0x00007fffbab50000 - 0x00007fffbac27000 	C:\Users\HUY\.jdks\openjdk-22.0.2\bin\jsvml.dll
0x00007ff813080000 - 0x00007ff813097000 	C:\Users\HUY\.jdks\openjdk-22.0.2\bin\zip.dll
0x00007ff832800000 - 0x00007ff832810000 	C:\Users\HUY\.jdks\openjdk-22.0.2\bin\net.dll
0x00007ff844900000 - 0x00007ff84496b000 	C:\WINDOWS\system32\mswsock.dll
0x00007ff8130a0000 - 0x00007ff8130b6000 	C:\Users\HUY\.jdks\openjdk-22.0.2\bin\nio.dll
0x00007ff8375d0000 - 0x00007ff8375ea000 	C:\Program Files\JetBrains\IntelliJ IDEA Community Edition 2024.1.4\bin\breakgen64.dll
0x00007ff812ac0000 - 0x00007ff812ac9000 	C:\Users\HUY\.jdks\openjdk-22.0.2\bin\extnet.dll
0x00007ff843df0000 - 0x00007ff843e23000 	C:\WINDOWS\SYSTEM32\IPHLPAPI.DLL
0x00007ff8479f0000 - 0x00007ff8479fa000 	C:\WINDOWS\System32\NSI.dll
0x00007ff843e30000 - 0x00007ff843f56000 	C:\WINDOWS\SYSTEM32\DNSAPI.dll
0x00007ff83d3b0000 - 0x00007ff83d3bb000 	C:\Windows\System32\rasadhlp.dll
0x00007ff83ed60000 - 0x00007ff83ede6000 	C:\WINDOWS\System32\fwpuclnt.dll
0x00007ff8375f0000 - 0x00007ff8375fb000 	C:\Users\HUY\.jdks\openjdk-22.0.2\bin\le.dll
0x00007ff82c230000 - 0x00007ff82c23e000 	C:\Users\HUY\.jdks\openjdk-22.0.2\bin\sunmscapi.dll
0x00007ff845720000 - 0x00007ff845897000 	C:\WINDOWS\System32\CRYPT32.dll
0x00007ff844de0000 - 0x00007ff844e10000 	C:\WINDOWS\SYSTEM32\ncrypt.dll
0x00007ff844d90000 - 0x00007ff844dcf000 	C:\WINDOWS\SYSTEM32\NTASN1.dll
0x00007ff844bc0000 - 0x00007ff844bdb000 	C:\WINDOWS\SYSTEM32\CRYPTSP.dll
0x00007ff8442d0000 - 0x00007ff84430b000 	C:\WINDOWS\system32\rsaenh.dll
0x00007ff8449a0000 - 0x00007ff8449cb000 	C:\WINDOWS\SYSTEM32\USERENV.dll
0x00007ff8454e0000 - 0x00007ff845506000 	C:\WINDOWS\SYSTEM32\bcrypt.dll
0x00007ff844be0000 - 0x00007ff844bec000 	C:\WINDOWS\SYSTEM32\CRYPTBASE.dll
0x00007ff82c850000 - 0x00007ff82c85a000 	C:\Users\HUY\.jdks\openjdk-22.0.2\bin\management.dll
0x00007ff82c760000 - 0x00007ff82c76b000 	C:\Users\HUY\.jdks\openjdk-22.0.2\bin\management_ext.dll
0x00007ff847a00000 - 0x00007ff847a08000 	C:\WINDOWS\System32\PSAPI.DLL
0x00007ff810c40000 - 0x00007ff810c50000 	C:\Users\HUY\.jdks\openjdk-22.0.2\bin\verify.dll

dbghelp: loaded successfully - version: 4.0.5 - missing functions: none
symbol engine: initialized successfully - sym options: 0x614 - pdb path: .;C:\Users\HUY\.jdks\openjdk-22.0.2\bin;C:\WINDOWS\SYSTEM32;C:\WINDOWS\WinSxS\amd64_microsoft.windows.common-controls_6595b64144ccf1df_6.0.26100.4768_none_3e0c112ce331287c;C:\Users\HUY\.jdks\openjdk-22.0.2\bin\server;C:\Program Files\JetBrains\IntelliJ IDEA Community Edition 2024.1.4\bin

VM Arguments:
jvm_args: -javaagent:C:\Program Files\JetBrains\IntelliJ IDEA Community Edition 2024.1.4\lib\idea_rt.jar=1509:C:\Program Files\JetBrains\IntelliJ IDEA Community Edition 2024.1.4\bin -Dfile.encoding=UTF-8 -Dsun.stdout.encoding=UTF-8 -Dsun.stderr.encoding=UTF-8 
java_command: com.project.futabuslines.FutabuslinesApplication
java_class_path (initial): D:\JavaSpring\futabuslines-33-SpringSecurity-PhanQuyen\target\classes;C:\Users\HUY\.m2\repository\org\springframework\boot\spring-boot-starter-data-jpa\3.4.5\spring-boot-starter-data-jpa-3.4.5.jar;C:\Users\HUY\.m2\repository\org\springframework\boot\spring-boot-starter\3.4.5\spring-boot-starter-3.4.5.jar;C:\Users\HUY\.m2\repository\org\springframework\boot\spring-boot\3.4.5\spring-boot-3.4.5.jar;C:\Users\HUY\.m2\repository\org\springframework\boot\spring-boot-autoconfigure\3.4.5\spring-boot-autoconfigure-3.4.5.jar;C:\Users\HUY\.m2\repository\org\springframework\boot\spring-boot-starter-logging\3.4.5\spring-boot-starter-logging-3.4.5.jar;C:\Users\HUY\.m2\repository\ch\qos\logback\logback-classic\1.5.18\logback-classic-1.5.18.jar;C:\Users\HUY\.m2\repository\ch\qos\logback\logback-core\1.5.18\logback-core-1.5.18.jar;C:\Users\HUY\.m2\repository\org\apache\logging\log4j\log4j-to-slf4j\2.24.3\log4j-to-slf4j-2.24.3.jar;C:\Users\HUY\.m2\repository\org\apache\logging\log4j\log4j-api\2.24.3\log4j-api-2.24.3.jar;C:\Users\HUY\.m2\repository\org\slf4j\jul-to-slf4j\2.0.17\jul-to-slf4j-2.0.17.jar;C:\Users\HUY\.m2\repository\jakarta\annotation\jakarta.annotation-api\2.1.1\jakarta.annotation-api-2.1.1.jar;C:\Users\HUY\.m2\repository\org\yaml\snakeyaml\2.3\snakeyaml-2.3.jar;C:\Users\HUY\.m2\repository\org\springframework\boot\spring-boot-starter-jdbc\3.4.5\spring-boot-starter-jdbc-3.4.5.jar;C:\Users\HUY\.m2\repository\com\zaxxer\HikariCP\5.1.0\HikariCP-5.1.0.jar;C:\Users\HUY\.m2\repository\org\springframework\spring-jdbc\6.2.6\spring-jdbc-6.2.6.jar;C:\Users\HUY\.m2\repository\org\hibernate\orm\hibernate-core\6.6.13.Final\hibernate-core-6.6.13.Final.jar;C:\Users\HUY\.m2\repository\jakarta\persistence\jakarta.persistence-api\3.1.0\jakarta.persistence-api-3.1.0.jar;C:\Users\HUY\.m2\repository\jakarta\transaction\jakarta.transaction-api\2.0.1\jakarta.transaction-api-2.0.1.jar;C:\Users\HUY\.m2\repository\org\jboss\logging\jboss-logging\3.6.1.Final\jboss-logging-3.6.1.Final.jar;C:\Users\HUY\.m2\repository\org\hibernate\common\hibernate-commons-annotations\7.0.3.Final\hibernate-commons-annotations-7.0.3.Final.jar;C:\Users\HUY\.m2\repository\io\smallrye\jandex\3.2.0\jandex-3.2.0.jar;C:\Users\HUY\.m2\repository\com\fasterxml\classmate\1.7.0\classmate-1.7.0.jar;C:\Users\HUY\.m2\repository\net\bytebuddy\byte-buddy\1.15.11\byte-buddy-1.15.11.jar;C:\Users\HUY\.m2\repository\org\glassfish\jaxb\jaxb-runtime\4.0.5\jaxb-runtime-4.0.5.jar;C:\Users\HUY\.m2\repository\org\glassfish\jaxb\jaxb-core\4.0.5\jaxb-core-4.0.5.jar;C:\Users\HUY\.m2\repository\org\eclipse\angus\angus-activation\2.0.2\angus-activation-2.0.2.jar;C:\Users\HUY\.m2\repository\org\glassfish\jaxb\txw2\4.0.5\txw2-4.0.5.jar;C:\Users\HUY\.m2\repository\com\sun\istack\istack-commons-runtime\4.1.2\istack-commons-runtime-4.1.2.jar;C:\Users\HUY\.m2\repository\jakarta\inject\jakarta.inject-api\2.0.1\jakarta.inject-api-2.0.1.jar;C:\Users\HUY\.m2\repository\org\antlr\antlr4-runtime\4.13.0\antlr4-runtime-4.13.0.jar;C:\Users\HUY\.m2\repository\org\springframework\data\spring-data-jpa\3.4.5\spring-data-jpa-3.4.5.jar;C:\Users\HUY\.m2\repository\org\springframework\data\spring-data-commons\3.4.5\spring-data-commons-3.4.5.jar;C:\Users\HUY\.m2\repository\org\springframework\spring-orm\6.2.6\spring-orm-6.2.6.jar;C:\Users\HUY\.m2\repository\org\springframework\spring-context\6.2.6\spring-context-6.2.6.jar;C:\Users\HUY\.m2\repository\org\springframework\spring-aop\6.2.6\spring-aop-6.2.6.jar;C:\Users\HUY\.m2\repository\org\springframework\spring-tx\6.2.6\spring-tx-6.2.6.jar;C:\Users\HUY\.m2\repository\org\springframework\spring-beans\6.2.6\spring-beans-6.2.6.jar;C:\Users\HUY\.m2\repository\org\slf4j\slf4j-api\2.0.17\slf4j-api-2.0.17.jar;C:\Users\HUY\.m2\repository\org\springframework\spring-aspects\6.2.6\spring-aspects-6.2.6.jar;C:\Users\HUY\.m2\repository\org\aspectj\aspectjweaver\1.9.24\aspectjweaver-1.9.24.jar;C:\Users\HUY\.m2\repository\org\springframework\boot\spring-boot-starter-validation\3.4.5\spring-boot-starter-validation-3.4.5.jar;C:\Users\HUY\.m2\repository\org\apache\tomcat\embed\tomcat-embed-el\10.1.40\tomcat-embed-el-10.1.40.jar;C:\Users\HUY\.m2\repository\org\hibernate\validator\hibernate-validator\8.0.2.Final\hibernate-validator-8.0.2.Final.jar;C:\Users\HUY\.m2\repository\jakarta\validation\jakarta.validation-api\3.0.2\jakarta.validation-api-3.0.2.jar;C:\Users\HUY\.m2\repository\org\springframework\boot\spring-boot-starter-web\3.4.5\spring-boot-starter-web-3.4.5.jar;C:\Users\HUY\.m2\repository\org\springframework\boot\spring-boot-starter-json\3.4.5\spring-boot-starter-json-3.4.5.jar;C:\Users\HUY\.m2\repository\com\fasterxml\jackson\core\jackson-databind\2.18.3\jackson-databind-2.18.3.jar;C:\Users\HUY\.m2\repository\com\fasterxml\jackson\core\jackson-annotations\2.18.3\jackson-annotations-2.18.3.jar;C:\Users\HUY\.m2\repository\com\fasterxml\jackson\core\jackson-core\2.18.3\jackson-core-2.18.3.jar;C:\Users\HUY\.m2\repository\com\fasterxml\jackson\datatype\jackson-datatype-jdk8\2.18.3\jackson-datatype-jdk8-2.18.3.jar;C:\Users\HUY\.m2\repository\com\fasterxml\jackson\datatype\jackson-datatype-jsr310\2.18.3\jackson-datatype-jsr310-2.18.3.jar;C:\Users\HUY\.m2\repository\com\fasterxml\jackson\module\jackson-module-parameter-names\2.18.3\jackson-module-parameter-names-2.18.3.jar;C:\Users\HUY\.m2\repository\org\springframework\boot\spring-boot-starter-tomcat\3.4.5\spring-boot-starter-tomcat-3.4.5.jar;C:\Users\HUY\.m2\repository\org\apache\tomcat\embed\tomcat-embed-core\10.1.40\tomcat-embed-core-10.1.40.jar;C:\Users\HUY\.m2\repository\org\apache\tomcat\embed\tomcat-embed-websocket\10.1.40\tomcat-embed-websocket-10.1.40.jar;C:\Users\HUY\.m2\repository\org\springframework\spring-web\6.2.6\spring-web-6.2.6.jar;C:\Users\HUY\.m2\repository\io\micrometer\micrometer-observation\1.14.6\micrometer-observation-1.14.6.jar;C:\Users\HUY\.m2\repository\io\micrometer\micrometer-commons\1.14.6\micrometer-commons-1.14.6.jar;C:\Users\HUY\.m2\repository\org\springframework\spring-webmvc\6.2.6\spring-webmvc-6.2.6.jar;C:\Users\HUY\.m2\repository\org\springframework\spring-expression\6.2.6\spring-expression-6.2.6.jar;C:\Users\HUY\.m2\repository\com\mysql\mysql-connector-j\9.1.0\mysql-connector-j-9.1.0.jar;C:\Users\HUY\.m2\repository\org\projectlombok\lombok\1.18.38\lombok-1.18.38.jar;C:\Users\HUY\.m2\repository\jakarta\xml\bind\jakarta.xml.bind-api\4.0.2\jakarta.xml.bind-api-4.0.2.jar;C:\Users\HUY\.m2\repository\jakarta\activation\jakarta.activation-api\2.1.3\jakarta.activation-api-2.1.3.jar;C:\Users\HUY\.m2\repository\org\springframework\spring-core\6.2.6\spring-core-6.2.6.jar;C:\Users\HUY\.m2\repository\org\springframework\spring-jcl\6.2.6\spring-jcl-6.2.6.jar;C:\Users\HUY\.m2\repository\javax\activation\javax.activation-api\1.2.0\javax.activation-api-1.2.0.jar;C:\Users\HUY\.m2\repository\org\springframework\cloud\spring-cloud-starter-openfeign\4.1.3\spring-cloud-starter-openfeign-4.1.3.jar;C:\Users\HUY\.m2\repository\org\springframework\cloud\spring-cloud-starter\4.1.4\spring-cloud-starter-4.1.4.jar;C:\Users\HUY\.m2\repository\org\springframework\cloud\spring-cloud-context\4.1.4\spring-cloud-context-4.1.4.jar;C:\Users\HUY\.m2\repository\org\springframework\security\spring-security-rsa\1.1.3\spring-security-rsa-1.1.3.jar;C:\Users\HUY\.m2\repository\org\bouncycastle\bcprov-jdk18on\1.78\bcprov-jdk18on-1.78.jar;C:\Users\HUY\.m2\repository\org\springframework\cloud\spring-cloud-openfeign-core\4.1.3\spring-cloud-openfeign-core-4.1.3.jar;C:\Users\HUY\.m2\repository\io\github\openfeign\form\feign-form-spring\3.8.0\feign-form-spring-3.8.0.jar;C:\Users\HUY\.m2\repository\io\github\openfeign\form\feign-form\3.8.0\feign-form-3.8.0.jar;C:\Users\HUY\.m2\repository\commons-fileupload\commons-fileupload\1.5\commons-fileupload-1.5.jar;C:\Users\HUY\.m2\repository\commons-io\commons-io\2.11.0\commons-io-2.11.0.jar;C:\Users\HUY\.m2\repository\org\springframework\cloud\spring-cloud-commons\4.1.4\spring-cloud-commons-4.1.4.jar;C:\Users\HUY\.m2\repository\org\springframework\security\spring-security-crypto\6.4.5\spring-security-crypto-6.4.5.jar;C:\Users\HUY\.m2\repository\io\github\openfeign\feign-core\13.3\feign-core-13.3.jar;C:\Users\HUY\.m2\repository\io\github\openfeign\feign-slf4j\13.3\feign-slf4j-13.3.jar
Launcher Type: SUN_STANDARD

[Global flags]
     intx CICompilerCount                          = 12                                        {product} {ergonomic}
     uint ConcGCThreads                            = 3                                         {product} {ergonomic}
     uint G1ConcRefinementThreads                  = 13                                        {product} {ergonomic}
   size_t G1HeapRegionSize                         = 1048576                                   {product} {ergonomic}
   size_t InitialHeapSize                          = 121634816                                 {product} {ergonomic}
   size_t MarkStackSize                            = 4194304                                   {product} {ergonomic}
   size_t MaxHeapSize                              = 1931476992                                {product} {ergonomic}
   size_t MaxNewSize                               = 1158676480                                {product} {ergonomic}
   size_t MinHeapDeltaBytes                        = 1048576                                   {product} {ergonomic}
   size_t MinHeapSize                              = 8388608                                   {product} {ergonomic}
    uintx NonNMethodCodeHeapSize                   = 7602480                                {pd product} {ergonomic}
    uintx NonProfiledCodeHeapSize                  = 122027880                              {pd product} {ergonomic}
    uintx ProfiledCodeHeapSize                     = 122027880                              {pd product} {ergonomic}
    uintx ReservedCodeCacheSize                    = 251658240                              {pd product} {ergonomic}
     bool SegmentedCodeCache                       = true                                      {product} {ergonomic}
   size_t SoftMaxHeapSize                          = 1931476992                             {manageable} {ergonomic}
     bool UseCompressedOops                        = true                           {product lp64_product} {ergonomic}
     bool UseG1GC                                  = true                                      {product} {ergonomic}
     bool UseLargePagesIndividualAllocation        = false                                  {pd product} {ergonomic}

Logging:
Log output configuration:
 #0: stdout all=warning uptime,level,tags foldmultilines=false
 #1: stderr all=off uptime,level,tags foldmultilines=false

Environment Variables:
JAVA_HOME=C:\Program Files\Java\jdk-22
PATH=C:\Program Files\Python310\Scripts\;C:\Program Files\Python310\;c:\Users\HUY\AppData\Local\Programs\cursor\resources\app\bin;C:\Program Files (x86)\Google\Chrome\Application;C:\Program Files\Microsoft MPI\Bin\;C:\Program Files\Common Files\Oracle\Java\javapath;C:\Program Files (x86)\Common Files\Oracle\Java\java8path;C:\Program Files (x86)\Common Files\Oracle\Java\javapath;C:\Program Files\IBM\ILOG\CPLEX_Studio_Community2211\opl\bin\x64_win64;C:\Program Files\IBM\ILOG\CPLEX_Studio_Community2211\opl\oplide\;C:\Program Files\IBM\ILOG\CPLEX_Studio_Community2211\cplex\bin\x64_win64;C:\Program Files\IBM\ILOG\CPLEX_Studio_Community2211\cpoptimizer\bin\x64_win64;C:\Windows\system32;C:\Windows;C:\Windows\System32\Wbem;C:\Windows\System32\WindowsPowerShell\v1.0\;C:\Windows\System32\OpenSSH\;C:\Program Files\NVIDIA Corporation\NVIDIA NvDLISR;C:\MinGW\bin;C:\Program Files (x86)\mingw-w64\i686-8.1.0-posix-dwarf-rt_v6-rev0\mingw32\bin;C:\WINDOWS\system32;C:\WINDOWS;C:\WINDOWS\System32\Wbem;C:\WINDOWS\System32\WindowsPowerShell\v1.0\;C:\WINDOWS\System32\OpenSSH\;C:\Program Files\Micros;C:\Program Files\nodejs\;C:\Program Files\MongoDB\Server\8.0\bin;C:\Users\Huy\AppData\Local\Programs\Python\Python36;C:\Users\HUY\AppData\Local\Programs\Python\Python313;C:\Users\HUY\AppData\Local\Programs\Python\Python313\Scripts;C:\Program Files\Python310;C:\Users\HUY\AppData\Roaming\Python\Python310\Scripts;C:\Program Files (x86)\Eclipse\Sumo\tools\detector;C:\Program Files (x86)\Eclipse\Sumo\tools\turn-defs;C:\Program Files (x86)\Eclipse\Sumo\tools\xml;C:\Program Files\Git;C:\Program Files\Git\cmd;C:\WINDOWS\system32;C:\WINDOWS;C:\WINDOWS\System32\Wbem;C:\WINDOWS\System32\WindowsPowerShell\v1.0\;C:\WINDOWS\System32\OpenSSH\;C:\Program Files\Redis;;C:\Program Files\Docker\Docker\resources\bin;C:\Program Files\MySQL\MySQL Shell 8.0\bin\;C:\Users\HUY\AppData\Local\Programs\Microsoft VS Code\bin;C:\Program Files\Microsoft Visual Studio\2022\Enterprise\MSBuild\Current\Bin;C:\Program Files\JetBrains\IntelliJ IDEA Community Edition 2024.1.4\bin;D:\Redis-x64-3.0.504;;C:\Users\HUY\AppData\Roaming\Composer\vendor\bin;C:\Users\HUY\AppData\Local\GitHubDesktop\bin;C:\Users\HUY\AppData\Local\Programs\MiKTeX\miktex\bin\x64\;C:\Users\HUY\AppData\Local\Programs\cursor\resources\app\bin;C:\Users\HUY\AppData\Roaming\npm;C:\Users\HUY\AppData\Local\Programs\Python\Python313;C:\Users\HUY\AppData\Local\Programs\Python\Python313\Scripts;C:\Program Files\Python310;C:\Users\HUY\AppData\Roaming\Python\Python310\Scripts;C:\Users\HUY\AppData\Local\Microsoft\WindowsApps;D:\Redis-x64-3.0.504;
USERNAME=HUY
OS=Windows_NT
PROCESSOR_IDENTIFIER=AMD64 Family 25 Model 68 Stepping 1, AuthenticAMD
TMP=C:\Users\HUY\AppData\Local\Temp
TEMP=C:\Users\HUY\AppData\Local\Temp




Periodic native trim disabled

---------------  S Y S T E M  ---------------

OS:
 Windows 11 , 64 bit Build 26100 (10.0.26100.4768)
OS uptime: 3 days 22:08 hours
Hyper-V role detected

CPU: total 16 (initial active 16) (16 cores per cpu, 2 threads per core) family 25 model 68 stepping 1 microcode 0xa404101, cx8, cmov, fxsr, ht, mmx, 3dnowpref, sse, sse2, sse3, ssse3, sse4a, sse4.1, sse4.2, popcnt, lzcnt, tsc, tscinvbit, avx, avx2, aes, clmul, bmi1, bmi2, adx, sha, fma, vzeroupper, clflush, clflushopt, hv, rdtscp, rdpid, f16c, cet_ss
Processor Information for processor 0
  Max Mhz: 3201, Current Mhz: 3201, Mhz Limit: 3201
Processor Information for processor 1
  Max Mhz: 3201, Current Mhz: 1989, Mhz Limit: 3201
Processor Information for processor 2
  Max Mhz: 3201, Current Mhz: 3201, Mhz Limit: 3201
Processor Information for processor 3
  Max Mhz: 3201, Current Mhz: 1989, Mhz Limit: 3201
Processor Information for processor 4
  Max Mhz: 3201, Current Mhz: 3201, Mhz Limit: 3201
Processor Information for processor 5
  Max Mhz: 3201, Current Mhz: 3201, Mhz Limit: 3201
Processor Information for processor 6
  Max Mhz: 3201, Current Mhz: 3201, Mhz Limit: 3201
Processor Information for processor 7
  Max Mhz: 3201, Current Mhz: 3201, Mhz Limit: 3201
Processor Information for processor 8
  Max Mhz: 3201, Current Mhz: 3201, Mhz Limit: 3201
Processor Information for processor 9
  Max Mhz: 3201, Current Mhz: 3201, Mhz Limit: 3201
Processor Information for processor 10
  Max Mhz: 3201, Current Mhz: 1989, Mhz Limit: 3201
Processor Information for processor 11
  Max Mhz: 3201, Current Mhz: 3201, Mhz Limit: 3201
Processor Information for processor 12
  Max Mhz: 3201, Current Mhz: 1989, Mhz Limit: 3201
Processor Information for processor 13
  Max Mhz: 3201, Current Mhz: 1989, Mhz Limit: 3201
Processor Information for processor 14
  Max Mhz: 3201, Current Mhz: 1989, Mhz Limit: 3201
Processor Information for processor 15
  Max Mhz: 3201, Current Mhz: 1989, Mhz Limit: 3201

Memory: 4k page, system-wide physical 7365M (447M free)
TotalPageFile size 29893M (AvailPageFile size 16M)
current process WorkingSet (physical memory assigned to process): 255M, peak: 256M
current process commit charge ("private bytes"): 307M, peak: 309M

vm_info: OpenJDK 64-Bit Server VM (22.0.2+9-70) for windows-amd64 JRE (22.0.2+9-70), built on 2024-06-04T16:52:23Z by "mach5one" with MS VC++ 17.6 (VS2022)

END.
