#
# There is insufficient memory for the Java Runtime Environment to continue.
# Native memory allocation (malloc) failed to allocate 1300736 bytes. Error detail: Chunk::new
# Possible reasons:
#   The system is out of physical RAM or swap space
#   This process is running with CompressedOops enabled, and the Java Heap may be blocking the growth of the native heap
# Possible solutions:
#   Reduce memory load on the system
#   Increase physical memory or swap space
#   Check if swap backing store is full
#   Decrease Java heap size (-Xmx/-Xms)
#   Decrease number of Java threads
#   Decrease Java thread stack sizes (-Xss)
#   Set larger code cache with -XX:ReservedCodeCacheSize=
#   JVM is running with Unscaled Compressed Oops mode in which the Java heap is
#     placed in the first 4GB address space. The Java Heap base address is the
#     maximum limit for the native heap growth. Please use -XX:HeapBaseMinAddress
#     to set the Java Heap base and to place the Java Heap above 4GB virtual address.
# This output file may be truncated or incomplete.
#
#  Out of Memory Error (arena.cpp:150), pid=14692, tid=11420
#
# JRE version: OpenJDK Runtime Environment (22.0.2+9) (build 22.0.2+9-70)
# Java VM: OpenJDK 64-Bit Server VM (22.0.2+9-70, mixed mode, sharing, tiered, compressed oops, compressed class ptrs, g1 gc, windows-amd64)
# No core dump will be written. Minidumps are not enabled by default on client versions of Windows
#

---------------  S U M M A R Y ------------

Command Line: -javaagent:C:\Program Files\JetBrains\IntelliJ IDEA Community Edition 2024.1.4\lib\idea_rt.jar=8988:C:\Program Files\JetBrains\IntelliJ IDEA Community Edition 2024.1.4\bin -Dfile.encoding=UTF-8 -Dsun.stdout.encoding=UTF-8 -Dsun.stderr.encoding=UTF-8 com.project.futabuslines.FutabuslinesApplication

Host: AMD Ryzen 7 6800H with Radeon Graphics         , 16 cores, 7G,  Windows 11 , 64 bit Build 26100 (10.0.26100.4768)
Time: Fri Sep 12 23:15:12 2025 SE Asia Standard Time elapsed time: 10.235662 seconds (0d 0h 0m 10s)

---------------  T H R E A D  ---------------

Current thread (0x0000014471e28f30):  JavaThread "C2 CompilerThread0" daemon [_thread_in_native, id=11420, stack(0x0000002caa400000,0x0000002caa500000) (1024K)]


Current CompileTask:
C2:10235 6011   !   4       org.springframework.util.ReflectionUtils::doWithMethods (189 bytes)

Stack: [0x0000002caa400000,0x0000002caa500000]
Native frames: (J=compiled Java code, j=interpreted, Vv=VM code, C=native code)
V  [jvm.dll+0x6e26e9]  (no source info available)
V  [jvm.dll+0x875753]  (no source info available)
V  [jvm.dll+0x877b7e]  (no source info available)
V  [jvm.dll+0x878253]  (no source info available)
V  [jvm.dll+0x27fc86]  (no source info available)
V  [jvm.dll+0xc3d0f]  (no source info available)
V  [jvm.dll+0xc3f6b]  (no source info available)
V  [jvm.dll+0x2f3c7f]  (no source info available)
V  [jvm.dll+0x60c0fa]  (no source info available)
V  [jvm.dll+0x249915]  (no source info available)
V  [jvm.dll+0x246da6]  (no source info available)
V  [jvm.dll+0x1c4e80]  (no source info available)
V  [jvm.dll+0x2568f3]  (no source info available)
V  [jvm.dll+0x254baa]  (no source info available)
V  [jvm.dll+0x3f57a6]  (no source info available)
V  [jvm.dll+0x81dc0b]  (no source info available)
V  [jvm.dll+0x6e0d85]  (no source info available)
C  [ucrtbase.dll+0x37b0]  (no source info available)
C  [KERNEL32.DLL+0x2e8d7]  (no source info available)
C  [ntdll.dll+0x3c34c]  (no source info available)


---------------  P R O C E S S  ---------------

Threads class SMR info:
_java_thread_list=0x000001444527fba0, length=25, elements={
0x0000014454e8d4f0, 0x0000014471e0f540, 0x0000014471e10c10, 0x0000014471e17c20,
0x0000014471e1ab60, 0x0000014471e19e90, 0x0000014471e1bdc0, 0x0000014471e28f30,
0x0000014471e32970, 0x000001444523a220, 0x0000014445246b70, 0x0000014445249650,
0x0000014445703960, 0x000001444553c110, 0x0000014446cee440, 0x00000144466df860,
0x00000144467ccbd0, 0x00000144473fe960, 0x0000014448376da0, 0x0000014447dc7800,
0x0000014448d21770, 0x0000014448d21e00, 0x00000144466dff30, 0x00000144466dd650,
0x00000144466ddd20
}

Java Threads: ( => current thread )
  0x0000014454e8d4f0 JavaThread "main"                              [_thread_in_Java, id=21564, stack(0x0000002ca9600000,0x0000002ca9700000) (1024K)]
  0x0000014471e0f540 JavaThread "Reference Handler"          daemon [_thread_blocked, id=34248, stack(0x0000002ca9e00000,0x0000002ca9f00000) (1024K)]
  0x0000014471e10c10 JavaThread "Finalizer"                  daemon [_thread_blocked, id=2800, stack(0x0000002ca9f00000,0x0000002caa000000) (1024K)]
  0x0000014471e17c20 JavaThread "Signal Dispatcher"          daemon [_thread_blocked, id=33756, stack(0x0000002caa000000,0x0000002caa100000) (1024K)]
  0x0000014471e1ab60 JavaThread "Attach Listener"            daemon [_thread_blocked, id=4740, stack(0x0000002caa100000,0x0000002caa200000) (1024K)]
  0x0000014471e19e90 JavaThread "Service Thread"             daemon [_thread_blocked, id=17188, stack(0x0000002caa200000,0x0000002caa300000) (1024K)]
  0x0000014471e1bdc0 JavaThread "Monitor Deflation Thread"   daemon [_thread_blocked, id=32004, stack(0x0000002caa300000,0x0000002caa400000) (1024K)]
=>0x0000014471e28f30 JavaThread "C2 CompilerThread0"         daemon [_thread_in_native, id=11420, stack(0x0000002caa400000,0x0000002caa500000) (1024K)]
  0x0000014471e32970 JavaThread "C1 CompilerThread0"         daemon [_thread_in_vm, id=21536, stack(0x0000002caa500000,0x0000002caa600000) (1024K)]
  0x000001444523a220 JavaThread "Common-Cleaner"             daemon [_thread_blocked, id=27048, stack(0x0000002caa600000,0x0000002caa700000) (1024K)]
  0x0000014445246b70 JavaThread "C1 CompilerThread1"         daemon [_thread_blocked, id=6156, stack(0x0000002caa700000,0x0000002caa800000) (1024K)]
  0x0000014445249650 JavaThread "C1 CompilerThread2"         daemon [_thread_blocked, id=33656, stack(0x0000002caa800000,0x0000002caa900000) (1024K)]
  0x0000014445703960 JavaThread "Monitor Ctrl-Break"         daemon [_thread_in_native, id=12964, stack(0x0000002caaa00000,0x0000002caab00000) (1024K)]
  0x000001444553c110 JavaThread "Notification Thread"        daemon [_thread_blocked, id=17432, stack(0x0000002caab00000,0x0000002caac00000) (1024K)]
  0x0000014446cee440 JavaThread "C2 CompilerThread1"         daemon [_thread_in_native, id=20224, stack(0x0000002caa900000,0x0000002caaa00000) (1024K)]
  0x00000144466df860 JavaThread "C1 CompilerThread3"         daemon [_thread_in_vm, id=16100, stack(0x0000002caba00000,0x0000002cabb00000) (1024K)]
  0x00000144467ccbd0 JavaThread "Catalina-utility-1"                [_thread_blocked, id=26652, stack(0x0000002cabc00000,0x0000002cabd00000) (1024K)]
  0x00000144473fe960 JavaThread "Catalina-utility-2"                [_thread_blocked, id=5528, stack(0x0000002cabd00000,0x0000002cabe00000) (1024K)]
  0x0000014448376da0 JavaThread "container-0"                       [_thread_blocked, id=34348, stack(0x0000002cabe00000,0x0000002cabf00000) (1024K)]
  0x0000014447dc7800 JavaThread "mysql-cj-abandoned-connection-cleanup" daemon [_thread_blocked, id=28492, stack(0x0000002cabf00000,0x0000002cac000000) (1024K)]
  0x0000014448d21770 JavaThread "HikariPool-1 housekeeper"   daemon [_thread_blocked, id=28716, stack(0x0000002cac200000,0x0000002cac300000) (1024K)]
  0x0000014448d21e00 JavaThread "HikariPool-1 connection adder" daemon [_thread_blocked, id=5776, stack(0x0000002cac300000,0x0000002cac400000) (1024K)]
  0x00000144466dff30 JavaThread "C2 CompilerThread2"         daemon [_thread_in_native, id=6464, stack(0x0000002cabb00000,0x0000002cabc00000) (1024K)]
  0x00000144466dd650 JavaThread "C2 CompilerThread3"         daemon [_thread_in_native, id=11912, stack(0x0000002cac000000,0x0000002cac100000) (1024K)]
  0x00000144466ddd20 JavaThread "C2 CompilerThread4"         daemon [_thread_in_native, id=5076, stack(0x0000002cac400000,0x0000002cac500000) (1024K)]
Total: 25

Other Threads:
  0x0000014471df2e90 VMThread "VM Thread"                           [id=448, stack(0x0000002ca9d00000,0x0000002ca9e00000) (1024K)]
  0x0000014471dd83b0 WatcherThread "VM Periodic Task Thread"        [id=25152, stack(0x0000002ca9c00000,0x0000002ca9d00000) (1024K)]
  0x0000014454ee1a40 WorkerThread "GC Thread#0"                     [id=18212, stack(0x0000002ca9700000,0x0000002ca9800000) (1024K)]
  0x0000014445ba7350 WorkerThread "GC Thread#1"                     [id=33824, stack(0x0000002caac00000,0x0000002caad00000) (1024K)]
  0x0000014445e98520 WorkerThread "GC Thread#2"                     [id=5176, stack(0x0000002caad00000,0x0000002caae00000) (1024K)]
  0x0000014445e988d0 WorkerThread "GC Thread#3"                     [id=27272, stack(0x0000002caae00000,0x0000002caaf00000) (1024K)]
  0x0000014445e98c80 WorkerThread "GC Thread#4"                     [id=34136, stack(0x0000002caaf00000,0x0000002cab000000) (1024K)]
  0x0000014445e99030 WorkerThread "GC Thread#5"                     [id=7764, stack(0x0000002cab000000,0x0000002cab100000) (1024K)]
  0x000001444622c4c0 WorkerThread "GC Thread#6"                     [id=32464, stack(0x0000002cab100000,0x0000002cab200000) (1024K)]
  0x000001444601c0e0 WorkerThread "GC Thread#7"                     [id=28104, stack(0x0000002cab200000,0x0000002cab300000) (1024K)]
  0x00000144463af880 WorkerThread "GC Thread#8"                     [id=8004, stack(0x0000002cab300000,0x0000002cab400000) (1024K)]
  0x00000144463da430 WorkerThread "GC Thread#9"                     [id=13076, stack(0x0000002cab400000,0x0000002cab500000) (1024K)]
  0x00000144463da7e0 WorkerThread "GC Thread#10"                    [id=18084, stack(0x0000002cab500000,0x0000002cab600000) (1024K)]
  0x00000144463db3a0 WorkerThread "GC Thread#11"                    [id=6948, stack(0x0000002cab600000,0x0000002cab700000) (1024K)]
  0x00000144463dbf60 WorkerThread "GC Thread#12"                    [id=5320, stack(0x0000002cab700000,0x0000002cab800000) (1024K)]
  0x0000014454ef1070 ConcurrentGCThread "G1 Main Marker"            [id=19172, stack(0x0000002ca9800000,0x0000002ca9900000) (1024K)]
  0x0000014454ef2aa0 WorkerThread "G1 Conc#0"                       [id=476, stack(0x0000002ca9900000,0x0000002ca9a00000) (1024K)]
  0x000001444764acd0 WorkerThread "G1 Conc#1"                       [id=28888, stack(0x0000002cab800000,0x0000002cab900000) (1024K)]
  0x000001444717b710 WorkerThread "G1 Conc#2"                       [id=34088, stack(0x0000002cab900000,0x0000002caba00000) (1024K)]
  0x0000014471ca8470 ConcurrentGCThread "G1 Refine#0"               [id=26872, stack(0x0000002ca9a00000,0x0000002ca9b00000) (1024K)]
  0x0000014471ca9c10 ConcurrentGCThread "G1 Service"                [id=25688, stack(0x0000002ca9b00000,0x0000002ca9c00000) (1024K)]
Total: 21

Threads with active compile tasks:
C2 CompilerThread0  11326 6011   !   4       org.springframework.util.ReflectionUtils::doWithMethods (189 bytes)
C2 CompilerThread1  11326 5928       4       org.springframework.core.ResolvableType::as (86 bytes)
C2 CompilerThread2  11326 6000       4       org.springframework.core.annotation.TypeMappedAnnotations::get (52 bytes)
C2 CompilerThread3  11326 6037   !   4       org.springframework.core.annotation.AnnotationsScanner::processMethodHierarchy (276 bytes)
C2 CompilerThread4  11326 6103       4       java.lang.reflect.Method::invoke (108 bytes)
Total: 5

VM state: not at safepoint (normal execution)

VM Mutex/Monitor currently owned by a thread: None

Heap address: 0x000000008ce00000, size: 1842 MB, Compressed Oops mode: 32-bit

CDS archive(s) mapped at: [0x0000014400000000-0x0000014400c60000-0x0000014400c60000), size 12976128, SharedBaseAddress: 0x0000014400000000, ArchiveRelocationMode: 1.
Compressed class space mapped at: 0x0000014401000000-0x0000014441000000, reserved size: 1073741824
Narrow klass base: 0x0000014400000000, Narrow klass shift: 0, Narrow klass range: 0x41000000

GC Precious Log:
 CardTable entry size: 512
 Card Set container configuration: InlinePtr #cards 5 size 8 Array Of Cards #cards 12 size 40 Howl #buckets 4 coarsen threshold 1843 Howl Bitmap #cards 512 size 80 coarsen threshold 460 Card regions per heap region 1 cards per card region 2048
 CPUs: 16 total, 16 available
 Memory: 7365M
 Large Page Support: Disabled
 NUMA Support: Disabled
 Compressed Oops: Enabled (32-bit)
 Heap Region Size: 1M
 Heap Min Capacity: 8M
 Heap Initial Capacity: 116M
 Heap Max Capacity: 1842M
 Pre-touch: Disabled
 Parallel Workers: 13
 Concurrent Workers: 3
 Concurrent Refinement Workers: 13
 Periodic GC: Disabled

Heap:
 garbage-first heap   total reserved 1886208K, committed 60416K, used 45842K [0x000000008ce00000, 0x0000000100000000)
  region size 1024K, 22 young (22528K), 2 survivors (2048K)
 Metaspace       used 63014K, committed 63616K, reserved 1114112K
  class space    used 8753K, committed 9024K, reserved 1048576K

Heap Regions: E=young(eden), S=young(survivor), O=old, HS=humongous(starts), HC=humongous(continues), CS=collection set, F=free, TAMS=top-at-mark-start, PB=parsable bottom
|   0|0x000000008ce00000, 0x000000008cf00000, 0x000000008cf00000|100%|HS|  |TAMS 0x000000008ce00000| PB 0x000000008ce00000| Complete |  0
|   1|0x000000008cf00000, 0x000000008d000000, 0x000000008d000000|100%|HS|  |TAMS 0x000000008cf00000| PB 0x000000008cf00000| Complete |  0
|   2|0x000000008d000000, 0x000000008d100000, 0x000000008d100000|100%|HS|  |TAMS 0x000000008d000000| PB 0x000000008d000000| Complete |  0
|   3|0x000000008d100000, 0x000000008d200000, 0x000000008d200000|100%| O|  |TAMS 0x000000008d100000| PB 0x000000008d100000| Untracked |  0
|   4|0x000000008d200000, 0x000000008d300000, 0x000000008d300000|100%| O|  |TAMS 0x000000008d200000| PB 0x000000008d200000| Untracked |  0
|   5|0x000000008d300000, 0x000000008d400000, 0x000000008d400000|100%| O|  |TAMS 0x000000008d300000| PB 0x000000008d300000| Untracked |  0
|   6|0x000000008d400000, 0x000000008d500000, 0x000000008d500000|100%| O|  |TAMS 0x000000008d400000| PB 0x000000008d400000| Untracked |  0
|   7|0x000000008d500000, 0x000000008d600000, 0x000000008d600000|100%| O|  |TAMS 0x000000008d500000| PB 0x000000008d500000| Untracked |  0
|   8|0x000000008d600000, 0x000000008d6ecd78, 0x000000008d700000| 92%| O|  |TAMS 0x000000008d600000| PB 0x000000008d600000| Untracked |  0
|   9|0x000000008d700000, 0x000000008d800000, 0x000000008d800000|100%| O|  |TAMS 0x000000008d700000| PB 0x000000008d700000| Untracked |  0
|  10|0x000000008d800000, 0x000000008d900000, 0x000000008d900000|100%| O|  |TAMS 0x000000008d800000| PB 0x000000008d800000| Untracked |  0
|  11|0x000000008d900000, 0x000000008da00000, 0x000000008da00000|100%| O|  |TAMS 0x000000008d900000| PB 0x000000008d900000| Untracked |  0
|  12|0x000000008da00000, 0x000000008db00000, 0x000000008db00000|100%| O|  |TAMS 0x000000008da00000| PB 0x000000008da00000| Untracked |  0
|  13|0x000000008db00000, 0x000000008dc00000, 0x000000008dc00000|100%| O|  |TAMS 0x000000008db00000| PB 0x000000008db00000| Untracked |  0
|  14|0x000000008dc00000, 0x000000008dd00000, 0x000000008dd00000|100%| O|  |TAMS 0x000000008dc00000| PB 0x000000008dc00000| Untracked |  0
|  15|0x000000008dd00000, 0x000000008de00000, 0x000000008de00000|100%| O|  |TAMS 0x000000008dd00000| PB 0x000000008dd00000| Untracked |  0
|  16|0x000000008de00000, 0x000000008df00000, 0x000000008df00000|100%| O|  |TAMS 0x000000008de00000| PB 0x000000008de00000| Untracked |  0
|  17|0x000000008df00000, 0x000000008e000000, 0x000000008e000000|100%| O|Cm|TAMS 0x000000008df00000| PB 0x000000008df00000| Complete |  0
|  18|0x000000008e000000, 0x000000008e100000, 0x000000008e100000|100%| O|  |TAMS 0x000000008e000000| PB 0x000000008e000000| Untracked |  0
|  19|0x000000008e100000, 0x000000008e200000, 0x000000008e200000|100%| O|  |TAMS 0x000000008e100000| PB 0x000000008e100000| Untracked |  0
|  20|0x000000008e200000, 0x000000008e300000, 0x000000008e300000|100%| O|  |TAMS 0x000000008e200000| PB 0x000000008e200000| Untracked |  0
|  21|0x000000008e300000, 0x000000008e400000, 0x000000008e400000|100%| O|  |TAMS 0x000000008e300000| PB 0x000000008e300000| Untracked |  0
|  22|0x000000008e400000, 0x000000008e46a7c0, 0x000000008e500000| 41%| O|  |TAMS 0x000000008e400000| PB 0x000000008e400000| Untracked |  0
|  23|0x000000008e500000, 0x000000008e500000, 0x000000008e600000|  0%| F|  |TAMS 0x000000008e500000| PB 0x000000008e500000| Untracked |  0
|  24|0x000000008e600000, 0x000000008e600000, 0x000000008e700000|  0%| F|  |TAMS 0x000000008e600000| PB 0x000000008e600000| Untracked |  0
|  25|0x000000008e700000, 0x000000008e700000, 0x000000008e800000|  0%| F|  |TAMS 0x000000008e700000| PB 0x000000008e700000| Untracked |  0
|  26|0x000000008e800000, 0x000000008e800000, 0x000000008e900000|  0%| F|  |TAMS 0x000000008e800000| PB 0x000000008e800000| Untracked |  0
|  27|0x000000008e900000, 0x000000008e900000, 0x000000008ea00000|  0%| F|  |TAMS 0x000000008e900000| PB 0x000000008e900000| Untracked |  0
|  28|0x000000008ea00000, 0x000000008ea00000, 0x000000008eb00000|  0%| F|  |TAMS 0x000000008ea00000| PB 0x000000008ea00000| Untracked |  0
|  29|0x000000008eb00000, 0x000000008eb00000, 0x000000008ec00000|  0%| F|  |TAMS 0x000000008eb00000| PB 0x000000008eb00000| Untracked |  0
|  30|0x000000008ec00000, 0x000000008ec00000, 0x000000008ed00000|  0%| F|  |TAMS 0x000000008ec00000| PB 0x000000008ec00000| Untracked |  0
|  31|0x000000008ed00000, 0x000000008ed00000, 0x000000008ee00000|  0%| F|  |TAMS 0x000000008ed00000| PB 0x000000008ed00000| Untracked |  0
|  32|0x000000008ee00000, 0x000000008ee00000, 0x000000008ef00000|  0%| F|  |TAMS 0x000000008ee00000| PB 0x000000008ee00000| Untracked |  0
|  33|0x000000008ef00000, 0x000000008ef00000, 0x000000008f000000|  0%| F|  |TAMS 0x000000008ef00000| PB 0x000000008ef00000| Untracked |  0
|  34|0x000000008f000000, 0x000000008f0ff580, 0x000000008f100000| 99%| E|  |TAMS 0x000000008f000000| PB 0x000000008f000000| Complete |  0
|  35|0x000000008f100000, 0x000000008f200000, 0x000000008f200000|100%| E|CS|TAMS 0x000000008f100000| PB 0x000000008f100000| Complete |  0
|  36|0x000000008f200000, 0x000000008f300000, 0x000000008f300000|100%| E|CS|TAMS 0x000000008f200000| PB 0x000000008f200000| Complete |  0
|  37|0x000000008f300000, 0x000000008f400000, 0x000000008f400000|100%| E|CS|TAMS 0x000000008f300000| PB 0x000000008f300000| Complete |  0
|  38|0x000000008f400000, 0x000000008f500000, 0x000000008f500000|100%| E|CS|TAMS 0x000000008f400000| PB 0x000000008f400000| Complete |  0
|  39|0x000000008f500000, 0x000000008f600000, 0x000000008f600000|100%| E|  |TAMS 0x000000008f500000| PB 0x000000008f500000| Complete |  0
|  40|0x000000008f600000, 0x000000008f700000, 0x000000008f700000|100%| E|CS|TAMS 0x000000008f600000| PB 0x000000008f600000| Complete |  0
|  41|0x000000008f700000, 0x000000008f800000, 0x000000008f800000|100%| E|CS|TAMS 0x000000008f700000| PB 0x000000008f700000| Complete |  0
|  42|0x000000008f800000, 0x000000008f900000, 0x000000008f900000|100%| E|CS|TAMS 0x000000008f800000| PB 0x000000008f800000| Complete |  0
|  43|0x000000008f900000, 0x000000008fa00000, 0x000000008fa00000|100%| E|CS|TAMS 0x000000008f900000| PB 0x000000008f900000| Complete |  0
|  44|0x000000008fa00000, 0x000000008fb00000, 0x000000008fb00000|100%| E|CS|TAMS 0x000000008fa00000| PB 0x000000008fa00000| Complete |  0
|  45|0x000000008fb00000, 0x000000008fc00000, 0x000000008fc00000|100%| E|CS|TAMS 0x000000008fb00000| PB 0x000000008fb00000| Complete |  0
|  46|0x000000008fc00000, 0x000000008fd00000, 0x000000008fd00000|100%| E|CS|TAMS 0x000000008fc00000| PB 0x000000008fc00000| Complete |  0
|  47|0x000000008fd00000, 0x000000008fd6d590, 0x000000008fe00000| 42%| S|CS|TAMS 0x000000008fd00000| PB 0x000000008fd00000| Complete |  0
|  48|0x000000008fe00000, 0x000000008ff00000, 0x000000008ff00000|100%| S|CS|TAMS 0x000000008fe00000| PB 0x000000008fe00000| Complete |  0
|  78|0x0000000091c00000, 0x0000000091d00000, 0x0000000091d00000|100%| E|CS|TAMS 0x0000000091c00000| PB 0x0000000091c00000| Complete |  0
|  79|0x0000000091d00000, 0x0000000091e00000, 0x0000000091e00000|100%| E|CS|TAMS 0x0000000091d00000| PB 0x0000000091d00000| Complete |  0
|  80|0x0000000091e00000, 0x0000000091f00000, 0x0000000091f00000|100%| E|CS|TAMS 0x0000000091e00000| PB 0x0000000091e00000| Complete |  0
|  84|0x0000000092200000, 0x0000000092300000, 0x0000000092300000|100%| E|CS|TAMS 0x0000000092200000| PB 0x0000000092200000| Complete |  0
|  85|0x0000000092300000, 0x0000000092400000, 0x0000000092400000|100%| E|CS|TAMS 0x0000000092300000| PB 0x0000000092300000| Complete |  0
|  86|0x0000000092400000, 0x0000000092500000, 0x0000000092500000|100%| E|CS|TAMS 0x0000000092400000| PB 0x0000000092400000| Complete |  0
| 115|0x0000000094100000, 0x0000000094200000, 0x0000000094200000|100%| E|CS|TAMS 0x0000000094100000| PB 0x0000000094100000| Complete |  0
|1839|0x00000000ffd00000, 0x00000000ffe00000, 0x00000000ffe00000|100%| O|  |TAMS 0x00000000ffd00000| PB 0x00000000ffd00000| Untracked |  0
|1840|0x00000000ffe00000, 0x00000000fff00000, 0x00000000fff00000|100%| O|  |TAMS 0x00000000ffe00000| PB 0x00000000ffe00000| Untracked |  0
|1841|0x00000000fff00000, 0x0000000100000000, 0x0000000100000000|100%| O|  |TAMS 0x00000000fff00000| PB 0x00000000fff00000| Untracked |  0

Card table byte_map: [0x000001446cdf0000,0x000001446d190000] _byte_map_base: 0x000001446c989000

Marking Bits: (CMBitMap*) 0x0000014454ee2150
 Bits: [0x000001446d190000, 0x000001446ee58000)

Polling page: 0x0000014452ac0000

Metaspace:

Usage:
  Non-class:     52.99 MB used.
      Class:      8.55 MB used.
       Both:     61.54 MB used.

Virtual space:
  Non-class space:       64.00 MB reserved,      53.31 MB ( 83%) committed,  1 nodes.
      Class space:        1.00 GB reserved,       8.81 MB ( <1%) committed,  1 nodes.
             Both:        1.06 GB reserved,      62.12 MB (  6%) committed. 

Chunk freelists:
   Non-Class:  10.08 MB
       Class:  7.20 MB
        Both:  17.28 MB

MaxMetaspaceSize: unlimited
CompressedClassSpaceSize: 1.00 GB
Initial GC threshold: 21.00 MB
Current GC threshold: 98.06 MB
CDS: on
 - commit_granule_bytes: 65536.
 - commit_granule_words: 8192.
 - virtual_space_node_default_size: 8388608.
 - enlarge_chunks_in_place: 1.
 - use_allocation_guard: 0.


Internal statistics:

num_allocs_failed_limit: 9.
num_arena_births: 784.
num_arena_deaths: 0.
num_vsnodes_births: 2.
num_vsnodes_deaths: 0.
num_space_committed: 994.
num_space_uncommitted: 0.
num_chunks_returned_to_freelist: 9.
num_chunks_taken_from_freelist: 3028.
num_chunk_merges: 9.
num_chunk_splits: 2215.
num_chunks_enlarged: 1758.
num_inconsistent_stats: 0.

CodeHeap 'non-profiled nmethods': size=119168Kb used=3246Kb max_used=3315Kb free=115921Kb
 bounds [0x0000014464d60000, 0x00000144650b0000, 0x000001446c1c0000]
CodeHeap 'profiled nmethods': size=119104Kb used=10690Kb max_used=11107Kb free=108413Kb
 bounds [0x000001445d1c0000, 0x000001445dcb0000, 0x0000014464610000]
CodeHeap 'non-nmethods': size=7488Kb used=3383Kb max_used=3429Kb free=4104Kb
 bounds [0x0000014464610000, 0x0000014464970000, 0x0000014464d60000]
 total_blobs=6140 nmethods=5412 adapters=629
 compilation: enabled
              stopped_count=0, restarted_count=0
 full_count=0

Compilation events (20 events):
Event: 9.018 Thread 0x0000014445246b70 nmethod 6052 0x000001445d359910 code [0x000001445d359aa0, 0x000001445d359c08]
Event: 9.018 Thread 0x0000014471e32970 nmethod 6053 0x000001445d3cd410 code [0x000001445d3cd5a0, 0x000001445d3cd690]
Event: 9.018 Thread 0x0000014445249650 nmethod 6048 0x000001445d619a90 code [0x000001445d619ca0, 0x000001445d61a468]
Event: 9.018 Thread 0x00000144466df860 nmethod 6047 0x000001445d3ba590 code [0x000001445d3ba820, 0x000001445d3bb680]
Event: 9.031 Thread 0x00000144466df860 6054       3       java.lang.reflect.Parameter::isNamePresent (23 bytes)
Event: 9.032 Thread 0x00000144466df860 nmethod 6054 0x000001445d755110 code [0x000001445d7552c0, 0x000001445d755578]
Event: 9.055 Thread 0x0000014445249650 6056       3       java.lang.invoke.BoundMethodHandle$Species_LLL::make (14 bytes)
Event: 9.055 Thread 0x00000144466df860 6057       3       java.lang.invoke.BoundMethodHandle$Species_LLL::<init> (24 bytes)
Event: 9.055 Thread 0x0000014445249650 nmethod 6056 0x000001445d63a910 code [0x000001445d63aac0, 0x000001445d63adf0]
Event: 9.056 Thread 0x00000144466df860 nmethod 6057 0x000001445d97d890 code [0x000001445d97da40, 0x000001445d97dd30]
Event: 9.067 Thread 0x00000144466df860 6058       3       java.util.regex.Pattern::read (33 bytes)
Event: 9.068 Thread 0x00000144466df860 nmethod 6058 0x000001445da32c10 code [0x000001445da32dc0, 0x000001445da33020]
Event: 9.075 Thread 0x00000144466df860 6059       3       java.lang.Character$UnicodeBlock::<init> (17 bytes)
Event: 9.075 Thread 0x0000014445249650 6060       3       java.lang.Character$Subset::<init> (24 bytes)
Event: 9.075 Thread 0x0000014445249650 nmethod 6060 0x000001445da7fc10 code [0x000001445da7fdc0, 0x000001445da80080]
Event: 9.075 Thread 0x00000144466df860 nmethod 6059 0x000001445d442010 code [0x000001445d442200, 0x000001445d442698]
Event: 9.085 Thread 0x00000144466df860 6061       3       java.util.regex.Pattern::bitsOrSingle (106 bytes)
Event: 9.086 Thread 0x00000144466df860 nmethod 6061 0x000001445d7b9d90 code [0x000001445d7b9f80, 0x000001445d7ba538]
Event: 9.131 Thread 0x00000144466df860 6063       3       java.util.regex.Pattern::clazz (462 bytes)
Event: 9.133 Thread 0x00000144466df860 nmethod 6063 0x000001445d6e9310 code [0x000001445d6e9740, 0x000001445d6eb468]

GC Heap History (20 events):
Event: 1.322 GC heap before
{Heap before GC invocations=0 (full 0):
 garbage-first heap   total reserved 1886208K, committed 118784K, used 28672K [0x000000008ce00000, 0x0000000100000000)
  region size 1024K, 24 young (24576K), 0 survivors (0K)
 Metaspace       used 6116K, committed 6336K, reserved 1114112K
  class space    used 723K, committed 768K, reserved 1048576K
}
Event: 1.333 GC heap after
{Heap after GC invocations=1 (full 0):
 garbage-first heap   total reserved 1886208K, committed 118784K, used 9216K [0x000000008ce00000, 0x0000000100000000)
  region size 1024K, 3 young (3072K), 3 survivors (3072K)
 Metaspace       used 6116K, committed 6336K, reserved 1114112K
  class space    used 723K, committed 768K, reserved 1048576K
}
Event: 2.348 GC heap before
{Heap before GC invocations=1 (full 0):
 garbage-first heap   total reserved 1886208K, committed 118784K, used 38912K [0x000000008ce00000, 0x0000000100000000)
  region size 1024K, 32 young (32768K), 3 survivors (3072K)
 Metaspace       used 13615K, committed 13952K, reserved 1114112K
  class space    used 1814K, committed 1984K, reserved 1048576K
}
Event: 2.357 GC heap after
{Heap after GC invocations=2 (full 0):
 garbage-first heap   total reserved 1886208K, committed 118784K, used 11969K [0x000000008ce00000, 0x0000000100000000)
  region size 1024K, 3 young (3072K), 3 survivors (3072K)
 Metaspace       used 13615K, committed 13952K, reserved 1114112K
  class space    used 1814K, committed 1984K, reserved 1048576K
}
Event: 2.822 GC heap before
{Heap before GC invocations=2 (full 0):
 garbage-first heap   total reserved 1886208K, committed 118784K, used 39617K [0x000000008ce00000, 0x0000000100000000)
  region size 1024K, 32 young (32768K), 3 survivors (3072K)
 Metaspace       used 21202K, committed 21504K, reserved 1114112K
  class space    used 2663K, committed 2816K, reserved 1048576K
}
Event: 2.831 GC heap after
{Heap after GC invocations=3 (full 0):
 garbage-first heap   total reserved 1886208K, committed 118784K, used 14495K [0x000000008ce00000, 0x0000000100000000)
  region size 1024K, 6 young (6144K), 6 survivors (6144K)
 Metaspace       used 21202K, committed 21504K, reserved 1114112K
  class space    used 2663K, committed 2816K, reserved 1048576K
}
Event: 3.768 GC heap before
{Heap before GC invocations=4 (full 0):
 garbage-first heap   total reserved 1886208K, committed 51200K, used 50335K [0x000000008ce00000, 0x0000000100000000)
  region size 1024K, 41 young (41984K), 6 survivors (6144K)
 Metaspace       used 25916K, committed 26304K, reserved 1114112K
  class space    used 3313K, committed 3520K, reserved 1048576K
}
Event: 3.779 GC heap after
{Heap after GC invocations=5 (full 0):
 garbage-first heap   total reserved 1886208K, committed 60416K, used 17385K [0x000000008ce00000, 0x0000000100000000)
  region size 1024K, 6 young (6144K), 6 survivors (6144K)
 Metaspace       used 25916K, committed 26304K, reserved 1114112K
  class space    used 3313K, committed 3520K, reserved 1048576K
}
Event: 4.876 GC heap before
{Heap before GC invocations=5 (full 0):
 garbage-first heap   total reserved 1886208K, committed 60416K, used 47081K [0x000000008ce00000, 0x0000000100000000)
  region size 1024K, 35 young (35840K), 6 survivors (6144K)
 Metaspace       used 30533K, committed 30976K, reserved 1114112K
  class space    used 4041K, committed 4224K, reserved 1048576K
}
Event: 4.890 GC heap after
{Heap after GC invocations=6 (full 0):
 garbage-first heap   total reserved 1886208K, committed 60416K, used 20083K [0x000000008ce00000, 0x0000000100000000)
  region size 1024K, 3 young (3072K), 3 survivors (3072K)
 Metaspace       used 30533K, committed 30976K, reserved 1114112K
  class space    used 4041K, committed 4224K, reserved 1048576K
}
Event: 5.761 GC heap before
{Heap before GC invocations=6 (full 0):
 garbage-first heap   total reserved 1886208K, committed 60416K, used 46707K [0x000000008ce00000, 0x0000000100000000)
  region size 1024K, 29 young (29696K), 3 survivors (3072K)
 Metaspace       used 35474K, committed 35968K, reserved 1114112K
  class space    used 4655K, committed 4864K, reserved 1048576K
}
Event: 5.766 GC heap after
{Heap after GC invocations=7 (full 0):
 garbage-first heap   total reserved 1886208K, committed 60416K, used 22104K [0x000000008ce00000, 0x0000000100000000)
  region size 1024K, 2 young (2048K), 2 survivors (2048K)
 Metaspace       used 35474K, committed 35968K, reserved 1114112K
  class space    used 4655K, committed 4864K, reserved 1048576K
}
Event: 7.083 GC heap before
{Heap before GC invocations=8 (full 0):
 garbage-first heap   total reserved 1886208K, committed 60416K, used 50776K [0x000000008ce00000, 0x0000000100000000)
  region size 1024K, 30 young (30720K), 2 survivors (2048K)
 Metaspace       used 43525K, committed 44032K, reserved 1114112K
  class space    used 5859K, committed 6080K, reserved 1048576K
}
Event: 7.087 GC heap after
{Heap after GC invocations=9 (full 0):
 garbage-first heap   total reserved 1886208K, committed 60416K, used 24467K [0x000000008ce00000, 0x0000000100000000)
  region size 1024K, 4 young (4096K), 4 survivors (4096K)
 Metaspace       used 43525K, committed 44032K, reserved 1114112K
  class space    used 5859K, committed 6080K, reserved 1048576K
}
Event: 7.730 GC heap before
{Heap before GC invocations=9 (full 0):
 garbage-first heap   total reserved 1886208K, committed 60416K, used 50067K [0x000000008ce00000, 0x0000000100000000)
  region size 1024K, 30 young (30720K), 4 survivors (4096K)
 Metaspace       used 50539K, committed 51072K, reserved 1114112K
  class space    used 6747K, committed 6976K, reserved 1048576K
}
Event: 7.735 GC heap after
{Heap after GC invocations=10 (full 0):
 garbage-first heap   total reserved 1886208K, committed 60416K, used 26212K [0x000000008ce00000, 0x0000000100000000)
  region size 1024K, 3 young (3072K), 3 survivors (3072K)
 Metaspace       used 50539K, committed 51072K, reserved 1114112K
  class space    used 6747K, committed 6976K, reserved 1048576K
}
Event: 8.321 GC heap before
{Heap before GC invocations=10 (full 0):
 garbage-first heap   total reserved 1886208K, committed 60416K, used 50788K [0x000000008ce00000, 0x0000000100000000)
  region size 1024K, 27 young (27648K), 3 survivors (3072K)
 Metaspace       used 57506K, committed 58048K, reserved 1114112K
  class space    used 7959K, committed 8192K, reserved 1048576K
}
Event: 8.324 GC heap after
{Heap after GC invocations=11 (full 0):
 garbage-first heap   total reserved 1886208K, committed 60416K, used 27152K [0x000000008ce00000, 0x0000000100000000)
  region size 1024K, 3 young (3072K), 3 survivors (3072K)
 Metaspace       used 57506K, committed 58048K, reserved 1114112K
  class space    used 7959K, committed 8192K, reserved 1048576K
}
Event: 8.641 GC heap before
{Heap before GC invocations=11 (full 0):
 garbage-first heap   total reserved 1886208K, committed 60416K, used 33296K [0x000000008ce00000, 0x0000000100000000)
  region size 1024K, 10 young (10240K), 3 survivors (3072K)
 Metaspace       used 59520K, committed 60160K, reserved 1114112K
  class space    used 8246K, committed 8512K, reserved 1048576K
}
Event: 8.643 GC heap after
{Heap after GC invocations=12 (full 0):
 garbage-first heap   total reserved 1886208K, committed 60416K, used 27410K [0x000000008ce00000, 0x0000000100000000)
  region size 1024K, 2 young (2048K), 2 survivors (2048K)
 Metaspace       used 59520K, committed 60160K, reserved 1114112K
  class space    used 8246K, committed 8512K, reserved 1048576K
}

Dll operation events (15 events):
Event: 0.018 Loaded shared library C:\Users\HUY\.jdks\openjdk-22.0.2\bin\java.dll
Event: 0.063 Loaded shared library C:\Users\HUY\.jdks\openjdk-22.0.2\bin\jsvml.dll
Event: 0.194 Loaded shared library C:\Users\HUY\.jdks\openjdk-22.0.2\bin\zip.dll
Event: 0.202 Loaded shared library C:\Users\HUY\.jdks\openjdk-22.0.2\bin\instrument.dll
Event: 0.208 Loaded shared library C:\Users\HUY\.jdks\openjdk-22.0.2\bin\net.dll
Event: 0.211 Loaded shared library C:\Users\HUY\.jdks\openjdk-22.0.2\bin\nio.dll
Event: 0.216 Loaded shared library C:\Users\HUY\.jdks\openjdk-22.0.2\bin\zip.dll
Event: 0.454 Loaded shared library C:\Program Files\JetBrains\IntelliJ IDEA Community Edition 2024.1.4\bin\breakgen64.dll
Event: 0.469 Loaded shared library C:\Users\HUY\.jdks\openjdk-22.0.2\bin\extnet.dll
Event: 0.531 Loaded shared library C:\Users\HUY\.jdks\openjdk-22.0.2\bin\jimage.dll
Event: 2.021 Loaded shared library C:\Users\HUY\.jdks\openjdk-22.0.2\bin\le.dll
Event: 3.103 Loaded shared library C:\Users\HUY\.jdks\openjdk-22.0.2\bin\sunmscapi.dll
Event: 5.109 Loaded shared library C:\Users\HUY\.jdks\openjdk-22.0.2\bin\management.dll
Event: 5.113 Loaded shared library C:\Users\HUY\.jdks\openjdk-22.0.2\bin\management_ext.dll
Event: 6.210 Loaded shared library C:\Users\HUY\.jdks\openjdk-22.0.2\bin\verify.dll

Deoptimization events (20 events):
Event: 8.976 Thread 0x0000014454e8d4f0 Uncommon trap: trap_request=0xffffffc6 fr.pc=0x000001446509c444 relative=0x0000000000000604
Event: 8.976 Thread 0x0000014454e8d4f0 Uncommon trap: reason=bimorphic_or_optimized_type_check action=maybe_recompile pc=0x000001446509c444 method=java.util.Collections$UnmodifiableCollection.contains(Ljava/lang/Object;)Z @ 5 c2
Event: 8.976 Thread 0x0000014454e8d4f0 DEOPT PACKING pc=0x000001446509c444 sp=0x0000002ca96fbb00
Event: 8.977 Thread 0x0000014454e8d4f0 DEOPT UNPACKING pc=0x00000144646646a2 sp=0x0000002ca96fbaa8 mode 2
Event: 8.985 Thread 0x0000014454e8d4f0 Uncommon trap: trap_request=0xffffff45 fr.pc=0x0000014464da7d8c relative=0x000000000000102c
Event: 8.985 Thread 0x0000014454e8d4f0 Uncommon trap: reason=unstable_if action=reinterpret pc=0x0000014464da7d8c method=java.util.concurrent.ConcurrentHashMap.computeIfAbsent(Ljava/lang/Object;Ljava/util/function/Function;)Ljava/lang/Object; @ 123 c2
Event: 8.985 Thread 0x0000014454e8d4f0 DEOPT PACKING pc=0x0000014464da7d8c sp=0x0000002ca96fc480
Event: 8.985 Thread 0x0000014454e8d4f0 DEOPT UNPACKING pc=0x00000144646646a2 sp=0x0000002ca96fc400 mode 2
Event: 9.053 Thread 0x0000014454e8d4f0 Uncommon trap: trap_request=0xffffffc6 fr.pc=0x000001446509c444 relative=0x0000000000000604
Event: 9.053 Thread 0x0000014454e8d4f0 Uncommon trap: reason=bimorphic_or_optimized_type_check action=maybe_recompile pc=0x000001446509c444 method=java.util.Collections$UnmodifiableCollection.contains(Ljava/lang/Object;)Z @ 5 c2
Event: 9.053 Thread 0x0000014454e8d4f0 DEOPT PACKING pc=0x000001446509c444 sp=0x0000002ca96fbea0
Event: 9.053 Thread 0x0000014454e8d4f0 DEOPT UNPACKING pc=0x00000144646646a2 sp=0x0000002ca96fbe48 mode 2
Event: 9.065 Thread 0x0000014454e8d4f0 Uncommon trap: trap_request=0xffffffde fr.pc=0x0000014464f84ea0 relative=0x00000000000002e0
Event: 9.065 Thread 0x0000014454e8d4f0 Uncommon trap: reason=class_check action=maybe_recompile pc=0x0000014464f84ea0 method=java.util.regex.Pattern$Slice.match(Ljava/util/regex/Matcher;ILjava/lang/CharSequence;)Z @ 75 c2
Event: 9.065 Thread 0x0000014454e8d4f0 DEOPT PACKING pc=0x0000014464f84ea0 sp=0x0000002ca96fc3c0
Event: 9.065 Thread 0x0000014454e8d4f0 DEOPT UNPACKING pc=0x00000144646646a2 sp=0x0000002ca96fc340 mode 2
Event: 9.067 Thread 0x0000014454e8d4f0 Uncommon trap: trap_request=0xffffffde fr.pc=0x0000014464f84ea0 relative=0x00000000000002e0
Event: 9.067 Thread 0x0000014454e8d4f0 Uncommon trap: reason=class_check action=maybe_recompile pc=0x0000014464f84ea0 method=java.util.regex.Pattern$Slice.match(Ljava/util/regex/Matcher;ILjava/lang/CharSequence;)Z @ 75 c2
Event: 9.067 Thread 0x0000014454e8d4f0 DEOPT PACKING pc=0x0000014464f84ea0 sp=0x0000002ca96fc160
Event: 9.067 Thread 0x0000014454e8d4f0 DEOPT UNPACKING pc=0x00000144646646a2 sp=0x0000002ca96fc0e0 mode 2

Classes loaded (20 events):
Event: 9.025 Loading class java/util/stream/ReduceOps$CountingSink done
Event: 9.025 Loading class java/util/stream/ReduceOps$CountingSink$OfRef done
Event: 9.056 Loading class java/lang/invoke/WrongMethodTypeException
Event: 9.056 Loading class java/lang/invoke/WrongMethodTypeException done
Event: 9.067 Loading class java/lang/Character$UnicodeBlock
Event: 9.069 Loading class java/lang/Character$Subset
Event: 9.069 Loading class java/lang/Character$Subset done
Event: 9.070 Loading class java/lang/Character$UnicodeBlock done
Event: 9.128 Loading class java/util/regex/Pattern$SliceU
Event: 9.128 Loading class java/util/regex/Pattern$SliceU done
Event: 9.128 Loading class java/util/regex/Pattern$Bound
Event: 9.129 Loading class java/util/regex/Pattern$Bound done
Event: 9.129 Loading class java/util/regex/Pattern$SliceI
Event: 9.129 Loading class java/util/regex/Pattern$SliceI done
Event: 9.130 Loading class java/util/regex/Pattern$LookBehindEndNode
Event: 9.130 Loading class java/util/regex/Pattern$LookBehindEndNode done
Event: 9.130 Loading class java/util/regex/Pattern$NotBehind
Event: 9.130 Loading class java/util/regex/Pattern$NotBehind done
Event: 9.130 Loading class java/util/regex/Pattern$Behind
Event: 9.131 Loading class java/util/regex/Pattern$Behind done

Classes unloaded (0 events):
No events

Classes redefined (0 events):
No events

Internal exceptions (20 events):
Event: 8.245 Thread 0x0000014454e8d4f0 Exception <a 'java/lang/NoSuchMethodError'{0x000000008f13f2f8}: 'void java.lang.invoke.DirectMethodHandle$Holder.invokeSpecial(java.lang.Object, java.lang.Object, int, java.lang.Object)'> (0x000000008f13f2f8) 
thrown [s\open\src\hotspot\share\interpreter\linkResolver.cpp, line 774]
Event: 8.245 Thread 0x0000014454e8d4f0 Exception <a 'java/lang/NoSuchMethodError'{0x000000008f145640}: 'java.lang.Object java.lang.invoke.DirectMethodHandle$Holder.newInvokeSpecial(java.lang.Object, java.lang.Object, int)'> (0x000000008f145640) 
thrown [s\open\src\hotspot\share\interpreter\linkResolver.cpp, line 774]
Event: 8.271 Thread 0x0000014454e8d4f0 Exception <a 'java/lang/NoSuchMethodError'{0x000000008f0a4c20}: 'java.lang.Object java.lang.invoke.DirectMethodHandle$Holder.newInvokeSpecial(java.lang.Object, java.lang.Object, java.lang.Object, java.lang.Object, java.lang.Object, int, java.lang.Object)'> (0x000000008f0a4c20) 
thrown [s\open\src\hotspot\share\interpreter\linkResolver.cpp, line 774]
Event: 8.274 Thread 0x0000014454e8d4f0 Exception <a 'java/lang/NoSuchMethodError'{0x000000008f0d7c78}: 'java.lang.Object java.lang.invoke.DirectMethodHandle$Holder.newInvokeSpecial(java.lang.Object, java.lang.Object, java.lang.Object, java.lang.Object, java.lang.Object, java.lang.Object, java.lang.Object, java.lang.Object, java.lang.Object, java.lang.Object, java.lang.Object, java.lang.Object)'> (0x000000008f0d7c78) 
thrown [s\open\src\hotspot\share\interpreter\linkResolver.cpp, line 774]
Event: 8.274 Thread 0x0000014454e8d4f0 Exception <a 'java/lang/NoSuchMethodError'{0x000000008f0e0b88}: 'java.lang.Object java.lang.invoke.Invokers$Holder.linkToTargetMethod(java.lang.Object, java.lang.Object, java.lang.Object, java.lang.Object, java.lang.Object, java.lang.Object, java.lang.Object, java.lang.Object, java.lang.Object, java.lang.Object, java.lang.Object, java.lang.Object)'> (0x000000008f0e0b88) 
thrown [s\open\src\hotspot\share\interpreter\linkResolver.cpp, line 774]
Event: 8.303 Thread 0x0000014454e8d4f0 Exception <a 'java/lang/IncompatibleClassChangeError'{0x000000008ee346c0}: Found class java.lang.Object, but interface was expected> (0x000000008ee346c0) 
thrown [s\open\src\hotspot\share\interpreter\linkResolver.cpp, line 841]
Event: 8.316 Thread 0x0000014454e8d4f0 Exception <a 'java/lang/NoSuchMethodError'{0x000000008eecaa90}: 'java.lang.Object java.lang.invoke.DirectMethodHandle$Holder.newInvokeSpecial(java.lang.Object, java.lang.Object, int, java.lang.Object, int, java.lang.Object, java.lang.Object)'> (0x000000008eecaa90) 
thrown [s\open\src\hotspot\share\interpreter\linkResolver.cpp, line 774]
Event: 8.330 Thread 0x0000014454e8d4f0 Exception <a 'java/lang/NoSuchMethodError'{0x000000009413cb08}: 'java.lang.Object java.lang.invoke.DirectMethodHandle$Holder.newInvokeSpecial(java.lang.Object, java.lang.Object, java.lang.Object, java.lang.Object, java.lang.Object, java.lang.Object, java.lang.Object, int)'> (0x000000009413cb08) 
thrown [s\open\src\hotspot\share\interpreter\linkResolver.cpp, line 774]
Event: 8.330 Thread 0x0000014454e8d4f0 Exception <a 'java/lang/NoSuchMethodError'{0x0000000094141098}: 'java.lang.Object java.lang.invoke.DirectMethodHandle$Holder.invokeSpecial(java.lang.Object, java.lang.Object, java.lang.Object, java.lang.Object, java.lang.Object, java.lang.Object, java.lang.Object, java.lang.Object, int)'> (0x0000000094141098) 
thrown [s\open\src\hotspot\share\interpreter\linkResolver.cpp, line 774]
Event: 8.330 Thread 0x0000014454e8d4f0 Exception <a 'java/lang/NoSuchMethodError'{0x00000000941450b0}: 'java.lang.Object java.lang.invoke.Invokers$Holder.linkToTargetMethod(java.lang.Object, java.lang.Object, java.lang.Object, java.lang.Object, java.lang.Object, java.lang.Object, int, java.lang.Object)'> (0x00000000941450b0) 
thrown [s\open\src\hotspot\share\interpreter\linkResolver.cpp, line 774]
Event: 8.349 Thread 0x0000014454e8d4f0 Exception <a 'java/lang/NoSuchMethodError'{0x000000009241bd18}: 'void java.lang.invoke.DirectMethodHandle$Holder.invokeInterface(java.lang.Object, java.lang.Object)'> (0x000000009241bd18) 
thrown [s\open\src\hotspot\share\interpreter\linkResolver.cpp, line 774]
Event: 8.622 Thread 0x0000014454e8d4f0 Exception <a 'java/lang/NoSuchMethodError'{0x0000000091c0d530}: 'java.lang.Object java.lang.invoke.DirectMethodHandle$Holder.invokeSpecial(java.lang.Object, java.lang.Object, int, java.lang.Object, int)'> (0x0000000091c0d530) 
thrown [s\open\src\hotspot\share\interpreter\linkResolver.cpp, line 774]
Event: 8.698 Thread 0x0000014454e8d4f0 Implicit null exception at 0x0000014465088473 to 0x00000144650885a4
Event: 8.709 Thread 0x0000014454e8d4f0 Implicit null exception at 0x00000144650780cd to 0x00000144650783e8
Event: 8.739 Thread 0x0000014454e8d4f0 Implicit null exception at 0x00000144650665e9 to 0x00000144650682fc
Event: 8.749 Thread 0x0000014454e8d4f0 Exception <a 'java/lang/IncompatibleClassChangeError'{0x0000000091ee5260}: Found class java.lang.Object, but interface was expected> (0x0000000091ee5260) 
thrown [s\open\src\hotspot\share\interpreter\linkResolver.cpp, line 841]
Event: 8.798 Thread 0x0000014454e8d4f0 Exception <a 'java/lang/IncompatibleClassChangeError'{0x0000000091c66f48}: Found class java.lang.Object, but interface was expected> (0x0000000091c66f48) 
thrown [s\open\src\hotspot\share\interpreter\linkResolver.cpp, line 841]
Event: 8.985 Thread 0x0000014454e8d4f0 Exception <a 'java/lang/IncompatibleClassChangeError'{0x000000008f7bc5e8}: Found class java.lang.Object, but interface was expected> (0x000000008f7bc5e8) 
thrown [s\open\src\hotspot\share\interpreter\linkResolver.cpp, line 841]
Event: 9.089 Thread 0x0000014454e8d4f0 Exception <a 'java/lang/IncompatibleClassChangeError'{0x000000008f467f30}: Found class java.lang.Object, but interface was expected> (0x000000008f467f30) 
thrown [s\open\src\hotspot\share\interpreter\linkResolver.cpp, line 841]
Event: 9.090 Thread 0x0000014454e8d4f0 Exception <a 'java/lang/IncompatibleClassChangeError'{0x000000008f46d4f8}: Found class java.lang.Object, but interface was expected> (0x000000008f46d4f8) 
thrown [s\open\src\hotspot\share\interpreter\linkResolver.cpp, line 841]

ZGC Phase Switch (0 events):
No events

VM Operations (20 events):
Event: 7.904 Executing VM operation: HandshakeAllThreads (Deoptimize)
Event: 7.904 Executing VM operation: HandshakeAllThreads (Deoptimize) done
Event: 7.928 Executing VM operation: HandshakeAllThreads (Deoptimize)
Event: 7.928 Executing VM operation: HandshakeAllThreads (Deoptimize) done
Event: 8.105 Executing VM operation: ICBufferFull
Event: 8.105 Executing VM operation: ICBufferFull done
Event: 8.320 Executing VM operation: G1CollectForAllocation (G1 Evacuation Pause)
Event: 8.324 Executing VM operation: G1CollectForAllocation (G1 Evacuation Pause) done
Event: 8.566 Executing VM operation: HandshakeAllThreads (Deoptimize)
Event: 8.566 Executing VM operation: HandshakeAllThreads (Deoptimize) done
Event: 8.641 Executing VM operation: CollectForMetadataAllocation (Metadata GC Threshold)
Event: 8.643 Executing VM operation: CollectForMetadataAllocation (Metadata GC Threshold) done
Event: 8.660 Executing VM operation: G1PauseRemark
Event: 8.664 Executing VM operation: G1PauseRemark done
Event: 8.668 Executing VM operation: G1PauseCleanup
Event: 8.668 Executing VM operation: G1PauseCleanup done
Event: 9.003 Executing VM operation: HandshakeAllThreads (Deoptimize)
Event: 9.003 Executing VM operation: HandshakeAllThreads (Deoptimize) done
Event: 9.004 Executing VM operation: HandshakeAllThreads (Deoptimize)
Event: 9.004 Executing VM operation: HandshakeAllThreads (Deoptimize) done

Memory protections (0 events):
No events

Nmethod flushes (20 events):
Event: 8.663 Thread 0x0000014471df2e90 flushing  nmethod 0x000001445d36e510
Event: 8.663 Thread 0x0000014471df2e90 flushing  nmethod 0x000001445d371190
Event: 8.663 Thread 0x0000014471df2e90 flushing  nmethod 0x000001445d372710
Event: 8.663 Thread 0x0000014471df2e90 flushing  nmethod 0x000001445d3d7090
Event: 8.663 Thread 0x0000014471df2e90 flushing  nmethod 0x000001445d41c290
Event: 8.663 Thread 0x0000014471df2e90 flushing  nmethod 0x000001445d41ca90
Event: 8.663 Thread 0x0000014471df2e90 flushing  nmethod 0x000001445d559890
Event: 8.663 Thread 0x0000014471df2e90 flushing  nmethod 0x000001445d61be90
Event: 8.663 Thread 0x0000014471df2e90 flushing  nmethod 0x000001445d61e110
Event: 8.663 Thread 0x0000014471df2e90 flushing  nmethod 0x000001445d61f310
Event: 8.663 Thread 0x0000014471df2e90 flushing  nmethod 0x000001445d620690
Event: 8.663 Thread 0x0000014471df2e90 flushing  nmethod 0x000001445d685e90
Event: 8.663 Thread 0x0000014471df2e90 flushing  nmethod 0x000001445d687f10
Event: 8.663 Thread 0x0000014471df2e90 flushing  nmethod 0x000001445d724090
Event: 8.663 Thread 0x0000014471df2e90 flushing  nmethod 0x000001445d729910
Event: 8.663 Thread 0x0000014471df2e90 flushing  nmethod 0x000001445d81d410
Event: 8.663 Thread 0x0000014471df2e90 flushing  nmethod 0x000001445d825190
Event: 8.663 Thread 0x0000014471df2e90 flushing  nmethod 0x000001445d888690
Event: 8.663 Thread 0x0000014471df2e90 flushing  nmethod 0x000001445d88a190
Event: 8.663 Thread 0x0000014471df2e90 flushing  nmethod 0x000001445d88e610

Events (20 events):
Event: 1.709 Thread 0x0000014454e8d4f0 Thread added: 0x00000144462b88f0
Event: 1.778 Thread 0x00000144462b88f0 Thread exited: 0x00000144462b88f0
Event: 1.954 Thread 0x000001444527ee70 Thread exited: 0x000001444527ee70
Event: 1.965 Thread 0x0000014454e8d4f0 Thread added: 0x000001444527ee70
Event: 2.766 Thread 0x0000014454e8d4f0 Thread added: 0x0000014447176080
Event: 2.819 Thread 0x0000014447176080 Thread exited: 0x0000014447176080
Event: 3.109 Thread 0x000001444527ee70 Thread exited: 0x000001444527ee70
Event: 4.043 Thread 0x0000014445249650 Thread added: 0x0000014446cee440
Event: 4.222 Thread 0x0000014445246b70 Thread added: 0x00000144466df860
Event: 5.298 Thread 0x0000014445246b70 Thread added: 0x00000144466dff30
Event: 5.319 Thread 0x0000014454e8d4f0 Thread added: 0x00000144467ccbd0
Event: 5.320 Thread 0x00000144467ccbd0 Thread added: 0x00000144473fe960
Event: 5.332 Thread 0x0000014454e8d4f0 Thread added: 0x0000014448376da0
Event: 5.372 Thread 0x0000014454e8d4f0 Thread added: 0x0000014447dc7800
Event: 6.454 Thread 0x0000014445249650 Thread added: 0x00000144466e0600
Event: 7.021 Thread 0x0000014454e8d4f0 Thread added: 0x0000014448d21770
Event: 7.135 Thread 0x0000014448d21770 Thread added: 0x0000014448d21e00
Event: 7.507 Thread 0x00000144466e0600 Thread exited: 0x00000144466e0600
Event: 8.348 Thread 0x00000144466dff30 Thread exited: 0x00000144466dff30
Event: 8.773 Thread 0x0000014445246b70 Thread added: 0x00000144466dff30


Dynamic libraries:
0x00007ff661df0000 - 0x00007ff661dfe000 	C:\Users\HUY\.jdks\openjdk-22.0.2\bin\java.exe
0x00007ff8484c0000 - 0x00007ff848727000 	C:\WINDOWS\SYSTEM32\ntdll.dll
0x00007ff846420000 - 0x00007ff8464e9000 	C:\WINDOWS\System32\KERNEL32.DLL
0x00007ff845d10000 - 0x00007ff846100000 	C:\WINDOWS\System32\KERNELBASE.dll
0x00007ff8458a0000 - 0x00007ff8459eb000 	C:\WINDOWS\System32\ucrtbase.dll
0x00007ff82bd80000 - 0x00007ff82bd97000 	C:\Users\HUY\.jdks\openjdk-22.0.2\bin\jli.dll
0x00007ff8213c0000 - 0x00007ff8213db000 	C:\Users\HUY\.jdks\openjdk-22.0.2\bin\VCRUNTIME140.dll
0x00007ff846c10000 - 0x00007ff846dd5000 	C:\WINDOWS\System32\USER32.dll
0x00007ff8314a0000 - 0x00007ff83173a000 	C:\WINDOWS\WinSxS\amd64_microsoft.windows.common-controls_6595b64144ccf1df_6.0.26100.4768_none_3e0c112ce331287c\COMCTL32.dll
0x00007ff845ce0000 - 0x00007ff845d07000 	C:\WINDOWS\System32\win32u.dll
0x00007ff846eb0000 - 0x00007ff846f59000 	C:\WINDOWS\System32\msvcrt.dll
0x00007ff847790000 - 0x00007ff8477bb000 	C:\WINDOWS\System32\GDI32.dll
0x00007ff846110000 - 0x00007ff846248000 	C:\WINDOWS\System32\gdi32full.dll
0x00007ff845b70000 - 0x00007ff845c13000 	C:\WINDOWS\System32\msvcp_win.dll
0x00007ff8474f0000 - 0x00007ff84751f000 	C:\WINDOWS\System32\IMM32.DLL
0x00007ff83c7a0000 - 0x00007ff83c7ac000 	C:\Users\HUY\.jdks\openjdk-22.0.2\bin\vcruntime140_1.dll
0x00007fffd57e0000 - 0x00007fffd586e000 	C:\Users\HUY\.jdks\openjdk-22.0.2\bin\msvcp140.dll
0x00007fff9c600000 - 0x00007fff9d349000 	C:\Users\HUY\.jdks\openjdk-22.0.2\bin\server\jvm.dll
0x00007ff847840000 - 0x00007ff8478f4000 	C:\WINDOWS\System32\ADVAPI32.dll
0x00007ff8476e0000 - 0x00007ff847786000 	C:\WINDOWS\System32\sechost.dll
0x00007ff846300000 - 0x00007ff846418000 	C:\WINDOWS\System32\RPCRT4.dll
0x00007ff8477c0000 - 0x00007ff847834000 	C:\WINDOWS\System32\WS2_32.dll
0x00007ff845450000 - 0x00007ff8454ae000 	C:\WINDOWS\SYSTEM32\POWRPROF.dll
0x00007ff837810000 - 0x00007ff837845000 	C:\WINDOWS\SYSTEM32\WINMM.dll
0x00007ff83cf20000 - 0x00007ff83cf2b000 	C:\WINDOWS\SYSTEM32\VERSION.dll
0x00007ff845430000 - 0x00007ff845444000 	C:\WINDOWS\SYSTEM32\UMPDC.dll
0x00007ff844370000 - 0x00007ff84438b000 	C:\WINDOWS\SYSTEM32\kernel.appcore.dll
0x00007ff833c60000 - 0x00007ff833c6a000 	C:\Users\HUY\.jdks\openjdk-22.0.2\bin\jimage.dll
0x00007ff8428a0000 - 0x00007ff842ae1000 	C:\WINDOWS\SYSTEM32\DBGHELP.DLL
0x00007ff846880000 - 0x00007ff846c05000 	C:\WINDOWS\System32\combase.dll
0x00007ff846520000 - 0x00007ff846600000 	C:\WINDOWS\System32\OLEAUT32.dll
0x00007ff826660000 - 0x00007ff8266a3000 	C:\WINDOWS\SYSTEM32\dbgcore.DLL
0x00007ff845680000 - 0x00007ff845719000 	C:\WINDOWS\System32\bcryptPrimitives.dll
0x00007ff8379f0000 - 0x00007ff8379ff000 	C:\Users\HUY\.jdks\openjdk-22.0.2\bin\instrument.dll
0x00007ff81f040000 - 0x00007ff81f05e000 	C:\Users\HUY\.jdks\openjdk-22.0.2\bin\java.dll
0x00007ff847c00000 - 0x00007ff84834d000 	C:\WINDOWS\System32\SHELL32.dll
0x00007ff8459f0000 - 0x00007ff845b63000 	C:\WINDOWS\System32\wintypes.dll
0x00007ff847530000 - 0x00007ff8476d0000 	C:\WINDOWS\System32\ole32.dll
0x00007ff8431a0000 - 0x00007ff843a00000 	C:\WINDOWS\SYSTEM32\windows.storage.dll
0x00007ff846610000 - 0x00007ff846705000 	C:\WINDOWS\System32\SHCORE.dll
0x00007ff847900000 - 0x00007ff84796a000 	C:\WINDOWS\System32\shlwapi.dll
0x00007ff845510000 - 0x00007ff845539000 	C:\WINDOWS\SYSTEM32\profapi.dll
0x00007fffbab50000 - 0x00007fffbac27000 	C:\Users\HUY\.jdks\openjdk-22.0.2\bin\jsvml.dll
0x00007ff813080000 - 0x00007ff813097000 	C:\Users\HUY\.jdks\openjdk-22.0.2\bin\zip.dll
0x00007ff832800000 - 0x00007ff832810000 	C:\Users\HUY\.jdks\openjdk-22.0.2\bin\net.dll
0x00007ff844900000 - 0x00007ff84496b000 	C:\WINDOWS\system32\mswsock.dll
0x00007ff8130a0000 - 0x00007ff8130b6000 	C:\Users\HUY\.jdks\openjdk-22.0.2\bin\nio.dll
0x00007ff8375d0000 - 0x00007ff8375ea000 	C:\Program Files\JetBrains\IntelliJ IDEA Community Edition 2024.1.4\bin\breakgen64.dll
0x00007ff812ac0000 - 0x00007ff812ac9000 	C:\Users\HUY\.jdks\openjdk-22.0.2\bin\extnet.dll
0x00007ff843df0000 - 0x00007ff843e23000 	C:\WINDOWS\SYSTEM32\IPHLPAPI.DLL
0x00007ff8479f0000 - 0x00007ff8479fa000 	C:\WINDOWS\System32\NSI.dll
0x00007ff843e30000 - 0x00007ff843f56000 	C:\WINDOWS\SYSTEM32\DNSAPI.dll
0x00007ff83d3b0000 - 0x00007ff83d3bb000 	C:\Windows\System32\rasadhlp.dll
0x00007ff83ed60000 - 0x00007ff83ede6000 	C:\WINDOWS\System32\fwpuclnt.dll
0x00007ff8375f0000 - 0x00007ff8375fb000 	C:\Users\HUY\.jdks\openjdk-22.0.2\bin\le.dll
0x00007ff82c230000 - 0x00007ff82c23e000 	C:\Users\HUY\.jdks\openjdk-22.0.2\bin\sunmscapi.dll
0x00007ff845720000 - 0x00007ff845897000 	C:\WINDOWS\System32\CRYPT32.dll
0x00007ff844de0000 - 0x00007ff844e10000 	C:\WINDOWS\SYSTEM32\ncrypt.dll
0x00007ff844d90000 - 0x00007ff844dcf000 	C:\WINDOWS\SYSTEM32\NTASN1.dll
0x00007ff844bc0000 - 0x00007ff844bdb000 	C:\WINDOWS\SYSTEM32\CRYPTSP.dll
0x00007ff8442d0000 - 0x00007ff84430b000 	C:\WINDOWS\system32\rsaenh.dll
0x00007ff8449a0000 - 0x00007ff8449cb000 	C:\WINDOWS\SYSTEM32\USERENV.dll
0x00007ff8454e0000 - 0x00007ff845506000 	C:\WINDOWS\SYSTEM32\bcrypt.dll
0x00007ff844be0000 - 0x00007ff844bec000 	C:\WINDOWS\SYSTEM32\CRYPTBASE.dll
0x00007ff82c850000 - 0x00007ff82c85a000 	C:\Users\HUY\.jdks\openjdk-22.0.2\bin\management.dll
0x00007ff82c760000 - 0x00007ff82c76b000 	C:\Users\HUY\.jdks\openjdk-22.0.2\bin\management_ext.dll
0x00007ff847a00000 - 0x00007ff847a08000 	C:\WINDOWS\System32\PSAPI.DLL
0x00007ff810c40000 - 0x00007ff810c50000 	C:\Users\HUY\.jdks\openjdk-22.0.2\bin\verify.dll

dbghelp: loaded successfully - version: 4.0.5 - missing functions: none
symbol engine: initialized successfully - sym options: 0x614 - pdb path: .;C:\Users\HUY\.jdks\openjdk-22.0.2\bin;C:\WINDOWS\SYSTEM32;C:\WINDOWS\WinSxS\amd64_microsoft.windows.common-controls_6595b64144ccf1df_6.0.26100.4768_none_3e0c112ce331287c;C:\Users\HUY\.jdks\openjdk-22.0.2\bin\server;C:\Program Files\JetBrains\IntelliJ IDEA Community Edition 2024.1.4\bin

VM Arguments:
jvm_args: -javaagent:C:\Program Files\JetBrains\IntelliJ IDEA Community Edition 2024.1.4\lib\idea_rt.jar=8988:C:\Program Files\JetBrains\IntelliJ IDEA Community Edition 2024.1.4\bin -Dfile.encoding=UTF-8 -Dsun.stdout.encoding=UTF-8 -Dsun.stderr.encoding=UTF-8 
java_command: com.project.futabuslines.FutabuslinesApplication
java_class_path (initial): D:\JavaSpring\futabuslines-33-SpringSecurity-PhanQuyen\target\classes;C:\Users\HUY\.m2\repository\org\springframework\boot\spring-boot-starter-data-jpa\3.4.5\spring-boot-starter-data-jpa-3.4.5.jar;C:\Users\HUY\.m2\repository\org\springframework\boot\spring-boot-starter\3.4.5\spring-boot-starter-3.4.5.jar;C:\Users\HUY\.m2\repository\org\springframework\boot\spring-boot\3.4.5\spring-boot-3.4.5.jar;C:\Users\HUY\.m2\repository\org\springframework\boot\spring-boot-autoconfigure\3.4.5\spring-boot-autoconfigure-3.4.5.jar;C:\Users\HUY\.m2\repository\org\springframework\boot\spring-boot-starter-logging\3.4.5\spring-boot-starter-logging-3.4.5.jar;C:\Users\HUY\.m2\repository\ch\qos\logback\logback-classic\1.5.18\logback-classic-1.5.18.jar;C:\Users\HUY\.m2\repository\ch\qos\logback\logback-core\1.5.18\logback-core-1.5.18.jar;C:\Users\HUY\.m2\repository\org\apache\logging\log4j\log4j-to-slf4j\2.24.3\log4j-to-slf4j-2.24.3.jar;C:\Users\HUY\.m2\repository\org\apache\logging\log4j\log4j-api\2.24.3\log4j-api-2.24.3.jar;C:\Users\HUY\.m2\repository\org\slf4j\jul-to-slf4j\2.0.17\jul-to-slf4j-2.0.17.jar;C:\Users\HUY\.m2\repository\jakarta\annotation\jakarta.annotation-api\2.1.1\jakarta.annotation-api-2.1.1.jar;C:\Users\HUY\.m2\repository\org\yaml\snakeyaml\2.3\snakeyaml-2.3.jar;C:\Users\HUY\.m2\repository\org\springframework\boot\spring-boot-starter-jdbc\3.4.5\spring-boot-starter-jdbc-3.4.5.jar;C:\Users\HUY\.m2\repository\com\zaxxer\HikariCP\5.1.0\HikariCP-5.1.0.jar;C:\Users\HUY\.m2\repository\org\springframework\spring-jdbc\6.2.6\spring-jdbc-6.2.6.jar;C:\Users\HUY\.m2\repository\org\hibernate\orm\hibernate-core\6.6.13.Final\hibernate-core-6.6.13.Final.jar;C:\Users\HUY\.m2\repository\jakarta\persistence\jakarta.persistence-api\3.1.0\jakarta.persistence-api-3.1.0.jar;C:\Users\HUY\.m2\repository\jakarta\transaction\jakarta.transaction-api\2.0.1\jakarta.transaction-api-2.0.1.jar;C:\Users\HUY\.m2\repository\org\jboss\logging\jboss-logging\3.6.1.Final\jboss-logging-3.6.1.Final.jar;C:\Users\HUY\.m2\repository\org\hibernate\common\hibernate-commons-annotations\7.0.3.Final\hibernate-commons-annotations-7.0.3.Final.jar;C:\Users\HUY\.m2\repository\io\smallrye\jandex\3.2.0\jandex-3.2.0.jar;C:\Users\HUY\.m2\repository\com\fasterxml\classmate\1.7.0\classmate-1.7.0.jar;C:\Users\HUY\.m2\repository\net\bytebuddy\byte-buddy\1.15.11\byte-buddy-1.15.11.jar;C:\Users\HUY\.m2\repository\org\glassfish\jaxb\jaxb-runtime\4.0.5\jaxb-runtime-4.0.5.jar;C:\Users\HUY\.m2\repository\org\glassfish\jaxb\jaxb-core\4.0.5\jaxb-core-4.0.5.jar;C:\Users\HUY\.m2\repository\org\eclipse\angus\angus-activation\2.0.2\angus-activation-2.0.2.jar;C:\Users\HUY\.m2\repository\org\glassfish\jaxb\txw2\4.0.5\txw2-4.0.5.jar;C:\Users\HUY\.m2\repository\com\sun\istack\istack-commons-runtime\4.1.2\istack-commons-runtime-4.1.2.jar;C:\Users\HUY\.m2\repository\jakarta\inject\jakarta.inject-api\2.0.1\jakarta.inject-api-2.0.1.jar;C:\Users\HUY\.m2\repository\org\antlr\antlr4-runtime\4.13.0\antlr4-runtime-4.13.0.jar;C:\Users\HUY\.m2\repository\org\springframework\data\spring-data-jpa\3.4.5\spring-data-jpa-3.4.5.jar;C:\Users\HUY\.m2\repository\org\springframework\data\spring-data-commons\3.4.5\spring-data-commons-3.4.5.jar;C:\Users\HUY\.m2\repository\org\springframework\spring-orm\6.2.6\spring-orm-6.2.6.jar;C:\Users\HUY\.m2\repository\org\springframework\spring-context\6.2.6\spring-context-6.2.6.jar;C:\Users\HUY\.m2\repository\org\springframework\spring-aop\6.2.6\spring-aop-6.2.6.jar;C:\Users\HUY\.m2\repository\org\springframework\spring-tx\6.2.6\spring-tx-6.2.6.jar;C:\Users\HUY\.m2\repository\org\springframework\spring-beans\6.2.6\spring-beans-6.2.6.jar;C:\Users\HUY\.m2\repository\org\slf4j\slf4j-api\2.0.17\slf4j-api-2.0.17.jar;C:\Users\HUY\.m2\repository\org\springframework\spring-aspects\6.2.6\spring-aspects-6.2.6.jar;C:\Users\HUY\.m2\repository\org\aspectj\aspectjweaver\1.9.24\aspectjweaver-1.9.24.jar;C:\Users\HUY\.m2\repository\org\springframework\boot\spring-boot-starter-validation\3.4.5\spring-boot-starter-validation-3.4.5.jar;C:\Users\HUY\.m2\repository\org\apache\tomcat\embed\tomcat-embed-el\10.1.40\tomcat-embed-el-10.1.40.jar;C:\Users\HUY\.m2\repository\org\hibernate\validator\hibernate-validator\8.0.2.Final\hibernate-validator-8.0.2.Final.jar;C:\Users\HUY\.m2\repository\jakarta\validation\jakarta.validation-api\3.0.2\jakarta.validation-api-3.0.2.jar;C:\Users\HUY\.m2\repository\org\springframework\boot\spring-boot-starter-web\3.4.5\spring-boot-starter-web-3.4.5.jar;C:\Users\HUY\.m2\repository\org\springframework\boot\spring-boot-starter-json\3.4.5\spring-boot-starter-json-3.4.5.jar;C:\Users\HUY\.m2\repository\com\fasterxml\jackson\core\jackson-databind\2.18.3\jackson-databind-2.18.3.jar;C:\Users\HUY\.m2\repository\com\fasterxml\jackson\core\jackson-annotations\2.18.3\jackson-annotations-2.18.3.jar;C:\Users\HUY\.m2\repository\com\fasterxml\jackson\core\jackson-core\2.18.3\jackson-core-2.18.3.jar;C:\Users\HUY\.m2\repository\com\fasterxml\jackson\datatype\jackson-datatype-jdk8\2.18.3\jackson-datatype-jdk8-2.18.3.jar;C:\Users\HUY\.m2\repository\com\fasterxml\jackson\datatype\jackson-datatype-jsr310\2.18.3\jackson-datatype-jsr310-2.18.3.jar;C:\Users\HUY\.m2\repository\com\fasterxml\jackson\module\jackson-module-parameter-names\2.18.3\jackson-module-parameter-names-2.18.3.jar;C:\Users\HUY\.m2\repository\org\springframework\boot\spring-boot-starter-tomcat\3.4.5\spring-boot-starter-tomcat-3.4.5.jar;C:\Users\HUY\.m2\repository\org\apache\tomcat\embed\tomcat-embed-core\10.1.40\tomcat-embed-core-10.1.40.jar;C:\Users\HUY\.m2\repository\org\apache\tomcat\embed\tomcat-embed-websocket\10.1.40\tomcat-embed-websocket-10.1.40.jar;C:\Users\HUY\.m2\repository\org\springframework\spring-web\6.2.6\spring-web-6.2.6.jar;C:\Users\HUY\.m2\repository\io\micrometer\micrometer-observation\1.14.6\micrometer-observation-1.14.6.jar;C:\Users\HUY\.m2\repository\io\micrometer\micrometer-commons\1.14.6\micrometer-commons-1.14.6.jar;C:\Users\HUY\.m2\repository\org\springframework\spring-webmvc\6.2.6\spring-webmvc-6.2.6.jar;C:\Users\HUY\.m2\repository\org\springframework\spring-expression\6.2.6\spring-expression-6.2.6.jar;C:\Users\HUY\.m2\repository\com\mysql\mysql-connector-j\9.1.0\mysql-connector-j-9.1.0.jar;C:\Users\HUY\.m2\repository\org\projectlombok\lombok\1.18.38\lombok-1.18.38.jar;C:\Users\HUY\.m2\repository\jakarta\xml\bind\jakarta.xml.bind-api\4.0.2\jakarta.xml.bind-api-4.0.2.jar;C:\Users\HUY\.m2\repository\jakarta\activation\jakarta.activation-api\2.1.3\jakarta.activation-api-2.1.3.jar;C:\Users\HUY\.m2\repository\org\springframework\spring-core\6.2.6\spring-core-6.2.6.jar;C:\Users\HUY\.m2\repository\org\springframework\spring-jcl\6.2.6\spring-jcl-6.2.6.jar;C:\Users\HUY\.m2\repository\javax\activation\javax.activation-api\1.2.0\javax.activation-api-1.2.0.jar;C:\Users\HUY\.m2\repository\org\springframework\cloud\spring-cloud-starter-openfeign\4.1.3\spring-cloud-starter-openfeign-4.1.3.jar;C:\Users\HUY\.m2\repository\org\springframework\cloud\spring-cloud-starter\4.1.4\spring-cloud-starter-4.1.4.jar;C:\Users\HUY\.m2\repository\org\springframework\cloud\spring-cloud-context\4.1.4\spring-cloud-context-4.1.4.jar;C:\Users\HUY\.m2\repository\org\springframework\security\spring-security-rsa\1.1.3\spring-security-rsa-1.1.3.jar;C:\Users\HUY\.m2\repository\org\bouncycastle\bcprov-jdk18on\1.78\bcprov-jdk18on-1.78.jar;C:\Users\HUY\.m2\repository\org\springframework\cloud\spring-cloud-openfeign-core\4.1.3\spring-cloud-openfeign-core-4.1.3.jar;C:\Users\HUY\.m2\repository\io\github\openfeign\form\feign-form-spring\3.8.0\feign-form-spring-3.8.0.jar;C:\Users\HUY\.m2\repository\io\github\openfeign\form\feign-form\3.8.0\feign-form-3.8.0.jar;C:\Users\HUY\.m2\repository\commons-fileupload\commons-fileupload\1.5\commons-fileupload-1.5.jar;C:\Users\HUY\.m2\repository\commons-io\commons-io\2.11.0\commons-io-2.11.0.jar;C:\Users\HUY\.m2\repository\org\springframework\cloud\spring-cloud-commons\4.1.4\spring-cloud-commons-4.1.4.jar;C:\Users\HUY\.m2\repository\org\springframework\security\spring-security-crypto\6.4.5\spring-security-crypto-6.4.5.jar;C:\Users\HUY\.m2\repository\io\github\openfeign\feign-core\13.3\feign-core-13.3.jar;C:\Users\HUY\.m2\repository\io\github\openfeign\feign-slf4j\13.3\feign-slf4j-13.3.jar
Launcher Type: SUN_STANDARD

[Global flags]
     intx CICompilerCount                          = 12                                        {product} {ergonomic}
     uint ConcGCThreads                            = 3                                         {product} {ergonomic}
     uint G1ConcRefinementThreads                  = 13                                        {product} {ergonomic}
   size_t G1HeapRegionSize                         = 1048576                                   {product} {ergonomic}
   size_t InitialHeapSize                          = 121634816                                 {product} {ergonomic}
   size_t MarkStackSize                            = 4194304                                   {product} {ergonomic}
   size_t MaxHeapSize                              = 1931476992                                {product} {ergonomic}
   size_t MaxNewSize                               = 1158676480                                {product} {ergonomic}
   size_t MinHeapDeltaBytes                        = 1048576                                   {product} {ergonomic}
   size_t MinHeapSize                              = 8388608                                   {product} {ergonomic}
    uintx NonNMethodCodeHeapSize                   = 7602480                                {pd product} {ergonomic}
    uintx NonProfiledCodeHeapSize                  = 122027880                              {pd product} {ergonomic}
    uintx ProfiledCodeHeapSize                     = 122027880                              {pd product} {ergonomic}
    uintx ReservedCodeCacheSize                    = 251658240                              {pd product} {ergonomic}
     bool SegmentedCodeCache                       = true                                      {product} {ergonomic}
   size_t SoftMaxHeapSize                          = 1931476992                             {manageable} {ergonomic}
     bool UseCompressedOops                        = true                           {product lp64_product} {ergonomic}
     bool UseG1GC                                  = true                                      {product} {ergonomic}
     bool UseLargePagesIndividualAllocation        = false                                  {pd product} {ergonomic}

Logging:
Log output configuration:
 #0: stdout all=warning uptime,level,tags foldmultilines=false
 #1: stderr all=off uptime,level,tags foldmultilines=false

Environment Variables:
JAVA_HOME=C:\Program Files\Java\jdk-22
PATH=C:\Program Files\Python310\Scripts\;C:\Program Files\Python310\;c:\Users\HUY\AppData\Local\Programs\cursor\resources\app\bin;C:\Program Files (x86)\Google\Chrome\Application;C:\Program Files\Microsoft MPI\Bin\;C:\Program Files\Common Files\Oracle\Java\javapath;C:\Program Files (x86)\Common Files\Oracle\Java\java8path;C:\Program Files (x86)\Common Files\Oracle\Java\javapath;C:\Program Files\IBM\ILOG\CPLEX_Studio_Community2211\opl\bin\x64_win64;C:\Program Files\IBM\ILOG\CPLEX_Studio_Community2211\opl\oplide\;C:\Program Files\IBM\ILOG\CPLEX_Studio_Community2211\cplex\bin\x64_win64;C:\Program Files\IBM\ILOG\CPLEX_Studio_Community2211\cpoptimizer\bin\x64_win64;C:\Windows\system32;C:\Windows;C:\Windows\System32\Wbem;C:\Windows\System32\WindowsPowerShell\v1.0\;C:\Windows\System32\OpenSSH\;C:\Program Files\NVIDIA Corporation\NVIDIA NvDLISR;C:\MinGW\bin;C:\Program Files (x86)\mingw-w64\i686-8.1.0-posix-dwarf-rt_v6-rev0\mingw32\bin;C:\WINDOWS\system32;C:\WINDOWS;C:\WINDOWS\System32\Wbem;C:\WINDOWS\System32\WindowsPowerShell\v1.0\;C:\WINDOWS\System32\OpenSSH\;C:\Program Files\Micros;C:\Program Files\nodejs\;C:\Program Files\MongoDB\Server\8.0\bin;C:\Users\Huy\AppData\Local\Programs\Python\Python36;C:\Users\HUY\AppData\Local\Programs\Python\Python313;C:\Users\HUY\AppData\Local\Programs\Python\Python313\Scripts;C:\Program Files\Python310;C:\Users\HUY\AppData\Roaming\Python\Python310\Scripts;C:\Program Files (x86)\Eclipse\Sumo\tools\detector;C:\Program Files (x86)\Eclipse\Sumo\tools\turn-defs;C:\Program Files (x86)\Eclipse\Sumo\tools\xml;C:\Program Files\Git;C:\Program Files\Git\cmd;C:\WINDOWS\system32;C:\WINDOWS;C:\WINDOWS\System32\Wbem;C:\WINDOWS\System32\WindowsPowerShell\v1.0\;C:\WINDOWS\System32\OpenSSH\;C:\Program Files\Redis;;C:\Program Files\Docker\Docker\resources\bin;C:\Program Files\MySQL\MySQL Shell 8.0\bin\;C:\Users\HUY\AppData\Local\Programs\Microsoft VS Code\bin;C:\Program Files\Microsoft Visual Studio\2022\Enterprise\MSBuild\Current\Bin;C:\Program Files\JetBrains\IntelliJ IDEA Community Edition 2024.1.4\bin;D:\Redis-x64-3.0.504;;C:\Users\HUY\AppData\Roaming\Composer\vendor\bin;C:\Users\HUY\AppData\Local\GitHubDesktop\bin;C:\Users\HUY\AppData\Local\Programs\MiKTeX\miktex\bin\x64\;C:\Users\HUY\AppData\Local\Programs\cursor\resources\app\bin;C:\Users\HUY\AppData\Roaming\npm;C:\Users\HUY\AppData\Local\Programs\Python\Python313;C:\Users\HUY\AppData\Local\Programs\Python\Python313\Scripts;C:\Program Files\Python310;C:\Users\HUY\AppData\Roaming\Python\Python310\Scripts;C:\Users\HUY\AppData\Local\Microsoft\WindowsApps;D:\Redis-x64-3.0.504;
USERNAME=HUY
OS=Windows_NT
PROCESSOR_IDENTIFIER=AMD64 Family 25 Model 68 Stepping 1, AuthenticAMD
TMP=C:\Users\HUY\AppData\Local\Temp
TEMP=C:\Users\HUY\AppData\Local\Temp




Periodic native trim disabled

---------------  S Y S T E M  ---------------

OS:
 Windows 11 , 64 bit Build 26100 (10.0.26100.4768)
OS uptime: 3 days 22:08 hours
Hyper-V role detected

CPU: total 16 (initial active 16) (16 cores per cpu, 2 threads per core) family 25 model 68 stepping 1 microcode 0xa404101, cx8, cmov, fxsr, ht, mmx, 3dnowpref, sse, sse2, sse3, ssse3, sse4a, sse4.1, sse4.2, popcnt, lzcnt, tsc, tscinvbit, avx, avx2, aes, clmul, bmi1, bmi2, adx, sha, fma, vzeroupper, clflush, clflushopt, hv, rdtscp, rdpid, f16c, cet_ss
Processor Information for processor 0
  Max Mhz: 3201, Current Mhz: 3201, Mhz Limit: 3201
Processor Information for processor 1
  Max Mhz: 3201, Current Mhz: 3201, Mhz Limit: 3201
Processor Information for processor 2
  Max Mhz: 3201, Current Mhz: 3201, Mhz Limit: 3201
Processor Information for processor 3
  Max Mhz: 3201, Current Mhz: 3201, Mhz Limit: 3201
Processor Information for processor 4
  Max Mhz: 3201, Current Mhz: 3201, Mhz Limit: 3201
Processor Information for processor 5
  Max Mhz: 3201, Current Mhz: 3201, Mhz Limit: 3201
Processor Information for processor 6
  Max Mhz: 3201, Current Mhz: 3201, Mhz Limit: 3201
Processor Information for processor 7
  Max Mhz: 3201, Current Mhz: 3201, Mhz Limit: 3201
Processor Information for processor 8
  Max Mhz: 3201, Current Mhz: 1989, Mhz Limit: 3201
Processor Information for processor 9
  Max Mhz: 3201, Current Mhz: 1989, Mhz Limit: 3201
Processor Information for processor 10
  Max Mhz: 3201, Current Mhz: 1989, Mhz Limit: 3201
Processor Information for processor 11
  Max Mhz: 3201, Current Mhz: 1989, Mhz Limit: 3201
Processor Information for processor 12
  Max Mhz: 3201, Current Mhz: 1989, Mhz Limit: 3201
Processor Information for processor 13
  Max Mhz: 3201, Current Mhz: 1989, Mhz Limit: 3201
Processor Information for processor 14
  Max Mhz: 3201, Current Mhz: 1989, Mhz Limit: 3201
Processor Information for processor 15
  Max Mhz: 3201, Current Mhz: 1989, Mhz Limit: 3201

Memory: 4k page, system-wide physical 7365M (1344M free)
TotalPageFile size 29893M (AvailPageFile size 8M)
current process WorkingSet (physical memory assigned to process): 275M, peak: 276M
current process commit charge ("private bytes"): 323M, peak: 324M

vm_info: OpenJDK 64-Bit Server VM (22.0.2+9-70) for windows-amd64 JRE (22.0.2+9-70), built on 2024-06-04T16:52:23Z by "mach5one" with MS VC++ 17.6 (VS2022)

END.
